2017-04-19 14:46:37 - MOD: Modification Default
FILE: system/engine/action.php
REGEX: ~(require|include)(_once)?\(([^)]+)~
LINE: 39
FILE: system/engine/loader.php
REGEX: ~(require|include)(_once)?\(([^)]+)~
LINE: 20
LINE: 59
LINE: 80
LINE: 99
FILE: system/library/config.php
REGEX: ~(require|include)(_once)?\(([^)]+)~
LINE: 23
FILE: system/library/language.php
REGEX: ~(require|include)(_once)?\(([^)]+)~
LINE: 25
LINE: 31
----------------------------------------------------------------
MOD: Local copy OCMOD by iSenseLabs
FILE: admin/controller/extension/installer.php
CODE: 'url'  => str_replace('&amp;', '&', $this->url->link('extension/installer/ftp', 'token=' . $this->session->data['token'],
LINE: 132
CODE: public function unzip() {
LINE: 293
----------------------------------------------------------------
2017-04-19 14:46:51 - MOD: Modification Default
FILE: system/engine/action.php
REGEX: ~(require|include)(_once)?\(([^)]+)~
LINE: 39
FILE: system/engine/loader.php
REGEX: ~(require|include)(_once)?\(([^)]+)~
LINE: 20
LINE: 59
LINE: 80
LINE: 99
FILE: system/library/config.php
REGEX: ~(require|include)(_once)?\(([^)]+)~
LINE: 23
FILE: system/library/language.php
REGEX: ~(require|include)(_once)?\(([^)]+)~
LINE: 25
LINE: 31
----------------------------------------------------------------
MOD: Local copy OCMOD by iSenseLabs
FILE: admin/controller/extension/installer.php
CODE: 'url'  => str_replace('&amp;', '&', $this->url->link('extension/installer/ftp', 'token=' . $this->session->data['token'],
LINE: 132
CODE: public function unzip() {
LINE: 293
----------------------------------------------------------------
MOD: OCFilter Modification
FILE: admin/controller/catalog/product.php
CODE: function getForm() {
LINE: 528
CODE: $data['tab_general'] = $this->language->get('tab_general');
LINE: 639
FILE: admin/controller/common/menu.php
CODE: $this->language->get('text_product');
LINE: 57
CODE: $this->url->link('catalog/information', 'token=' . $this->session->data['token'], 'SSL');
LINE: 146
CODE: $this->url->link('catalog/information', 'token=' . $this->session->data['token'], true);
NOT FOUND!
FILE: admin/language/english/catalog/product.php
CODE: 'Action';
LINE: 31
FILE: admin/language/english/common/menu.php
CODE: 'Options';
LINE: 43
FILE: admin/language/russian/catalog/product.php
CODE: 'Статус';
LINE: 30
FILE: admin/language/russian/common/menu.php
CODE: 'Опции';
LINE: 43
FILE: admin/model/catalog/product.php
CODE: if (isset($data['image'])) {
LINE: 31
LINE: 183
CODE: $data['product_attribute'] = $this->getProductAttributes($product_id);
LINE: 356
CODE: $this->db->query("DELETE FROM " . DB_PREFIX . "product WHERE product_id = '" . (int)$product_id . "'");
LINE: 383
FILE: admin/view/template/catalog/product_form.tpl
CODE: <script type="text/javascript"><!--
LINE: 971
FILE: admin/view/template/common/menu.tpl
CODE: <li><a href="<?php echo $product; ?>"><?php echo $text_product; ?></a></li>
LINE: 10
FILE: catalog/controller/common/maintenance.php
CODE: index() {
LINE: 7
FILE: catalog/controller/common/seo_url.php
CODE: $this->url->addRewrite($this);
LINE: 12
FILE: catalog/controller/common/seo_pro.php
CODE: $this->url->addRewrite($this);
LINE: 33
FILE: catalog/model/catalog/product.php
CODE: if (!empty($data['filter_manufacturer_id'])) {
LINE: 155
LINE: 511
FILE: catalog/controller/product/category.php
CODE: $data['breadcrumbs'] = array();
LINE: 50
CODE: $product_total =
LINE: 201
CODE: if (isset($this->request->get['filter'])) {
LINE: 259
CODE: if (isset($this->request->get['filter'])) {
LINE: 334
CODE: if (isset($this->request->get['filter'])) {
LINE: 369
CODE: $data['limit'] = $limit;
LINE: 487
FILE: system/library/document.php
CODE: private $keywords;
LINE: 9
CODE: public function setTitle($title) {
LINE: 26
FILE: catalog/controller/common/header.php
CODE: $data['scripts'] = $this->document->getScripts();
LINE: 38
FILE: catalog/view/theme/default/template/common/header.tpl
CODE: </title>
LINE: 18
FILE: catalog/view/theme/midasstone/template/common/header.tpl
CODE: </title>
LINE: 13
----------------------------------------------------------------
2017-04-19 14:47:51 - MOD: Modification Default
FILE: system/engine/action.php
REGEX: ~(require|include)(_once)?\(([^)]+)~
LINE: 39
FILE: system/engine/loader.php
REGEX: ~(require|include)(_once)?\(([^)]+)~
LINE: 20
LINE: 59
LINE: 80
LINE: 99
FILE: system/library/config.php
REGEX: ~(require|include)(_once)?\(([^)]+)~
LINE: 23
FILE: system/library/language.php
REGEX: ~(require|include)(_once)?\(([^)]+)~
LINE: 25
LINE: 31
----------------------------------------------------------------
MOD: Local copy OCMOD by iSenseLabs
FILE: admin/controller/extension/installer.php
CODE: 'url'  => str_replace('&amp;', '&', $this->url->link('extension/installer/ftp', 'token=' . $this->session->data['token'],
LINE: 132
CODE: public function unzip() {
LINE: 293
----------------------------------------------------------------
MOD: OCFilter Modification
FILE: admin/controller/catalog/product.php
CODE: function getForm() {
LINE: 528
CODE: $data['tab_general'] = $this->language->get('tab_general');
LINE: 639
FILE: admin/controller/common/menu.php
CODE: $this->language->get('text_product');
LINE: 57
CODE: $this->url->link('catalog/information', 'token=' . $this->session->data['token'], 'SSL');
LINE: 146
CODE: $this->url->link('catalog/information', 'token=' . $this->session->data['token'], true);
NOT FOUND!
FILE: admin/language/english/catalog/product.php
CODE: 'Action';
LINE: 31
FILE: admin/language/english/common/menu.php
CODE: 'Options';
LINE: 43
FILE: admin/language/russian/catalog/product.php
CODE: 'Статус';
LINE: 30
FILE: admin/language/russian/common/menu.php
CODE: 'Опции';
LINE: 43
FILE: admin/model/catalog/product.php
CODE: if (isset($data['image'])) {
LINE: 31
LINE: 183
CODE: $data['product_attribute'] = $this->getProductAttributes($product_id);
LINE: 356
CODE: $this->db->query("DELETE FROM " . DB_PREFIX . "product WHERE product_id = '" . (int)$product_id . "'");
LINE: 383
FILE: admin/view/template/catalog/product_form.tpl
CODE: <script type="text/javascript"><!--
LINE: 971
FILE: admin/view/template/common/menu.tpl
CODE: <li><a href="<?php echo $product; ?>"><?php echo $text_product; ?></a></li>
LINE: 10
FILE: catalog/controller/common/maintenance.php
CODE: index() {
LINE: 7
FILE: catalog/controller/common/seo_url.php
CODE: $this->url->addRewrite($this);
LINE: 12
FILE: catalog/controller/common/seo_pro.php
CODE: $this->url->addRewrite($this);
LINE: 33
FILE: catalog/model/catalog/product.php
CODE: if (!empty($data['filter_manufacturer_id'])) {
LINE: 155
LINE: 511
FILE: catalog/controller/product/category.php
CODE: $data['breadcrumbs'] = array();
LINE: 50
CODE: $product_total =
LINE: 201
CODE: if (isset($this->request->get['filter'])) {
LINE: 259
CODE: if (isset($this->request->get['filter'])) {
LINE: 334
CODE: if (isset($this->request->get['filter'])) {
LINE: 369
CODE: $data['limit'] = $limit;
LINE: 487
FILE: system/library/document.php
CODE: private $keywords;
LINE: 9
CODE: public function setTitle($title) {
LINE: 26
FILE: catalog/controller/common/header.php
CODE: $data['scripts'] = $this->document->getScripts();
LINE: 38
FILE: catalog/view/theme/default/template/common/header.tpl
CODE: </title>
LINE: 18
FILE: catalog/view/theme/midasstone/template/common/header.tpl
CODE: </title>
LINE: 13
----------------------------------------------------------------
MOD: Short Checkout
FILE: catalog/controller/total/coupon.php
CODE: $data['redirect'] = $this->url->link('checkout/cart');
NOT FOUND!
CODE: $json['redirect'] = $this->url->link('checkout/cart');
LINE: 52
FILE: catalog/controller/total/voucher.php
CODE: $json['redirect'] = $this->url->link('checkout/cart');
LINE: 50
CODE: $data['redirect'] = $this->url->link('checkout/cart');
NOT FOUND!
FILE: catalog/controller/total/shipping.php
CODE: $json['redirect'] = $this->url->link('checkout/cart');
LINE: 198
FILE: catalog/controller/checkout/confirm.php
CODE: $redirect = $this->url->link('checkout/checkout', '', 'SSL');
LINE: 8
LINE: 13
LINE: 23
LINE: 28
CODE: $redirect = $this->url->link('checkout/cart');
LINE: 41
LINE: 57
FILE: catalog/controller/common/cart.php
CODE: $data['cart'] = $this->url->link('checkout/cart');
LINE: 134
CODE: $data['checkout'] = $this->url->link('checkout/checkout', '', 'SSL');
LINE: 137
CODE: $data['cart'] = $this->url->link('checkout/cart');
NOT FOUND!
CODE: $data['checkout'] = $this->url->link('checkout/checkout', '', 'SSL');
LINE: 91
CODE: $data['shopping_cart'] = $this->url->link('checkout/cart');
LINE: 90
FILE: catalog/controller/checkout/cart.php
CODE: $json['success'] = sprintf($this->language->get('text_success'), $this->url->link('product/product', 'product_id=' . $this->request->post['product_id']), $product_info['name'], $this->url->link('checkout/cart'));
LINE: 343
CODE: $data['continue'] = $this->url->link('checkout/cart');
NOT FOUND!
FILE: catalog/model/checkout/order.php
CODE: $mail->setTo($order_info['email']);
LINE: 682
LINE: 857
CODE: $mail->send();
LINE: 691
CODE: $mail->send();
LINE: 868
----------------------------------------------------------------
2017-04-22 1:47:57 - MOD: Modification Default
FILE: system/engine/action.php
REGEX: ~(require|include)(_once)?\(([^)]+)~
LINE: 39
FILE: system/engine/loader.php
REGEX: ~(require|include)(_once)?\(([^)]+)~
LINE: 20
LINE: 59
LINE: 80
LINE: 99
FILE: system/library/config.php
REGEX: ~(require|include)(_once)?\(([^)]+)~
LINE: 23
FILE: system/library/language.php
REGEX: ~(require|include)(_once)?\(([^)]+)~
LINE: 25
LINE: 31
----------------------------------------------------------------
MOD: Local copy OCMOD by iSenseLabs
FILE: admin/controller/extension/installer.php
CODE: 'url'  => str_replace('&amp;', '&', $this->url->link('extension/installer/ftp', 'token=' . $this->session->data['token'],
LINE: 132
CODE: public function unzip() {
LINE: 293
----------------------------------------------------------------
MOD: OCFilter Modification
FILE: admin/controller/catalog/product.php
CODE: function getForm() {
LINE: 528
CODE: $data['tab_general'] = $this->language->get('tab_general');
LINE: 639
FILE: admin/controller/common/menu.php
CODE: $this->language->get('text_product');
LINE: 57
CODE: $this->url->link('catalog/information', 'token=' . $this->session->data['token'], 'SSL');
LINE: 146
CODE: $this->url->link('catalog/information', 'token=' . $this->session->data['token'], true);
NOT FOUND!
FILE: admin/language/english/catalog/product.php
CODE: 'Action';
LINE: 31
FILE: admin/language/english/common/menu.php
CODE: 'Options';
LINE: 43
FILE: admin/language/russian/catalog/product.php
CODE: 'Статус';
LINE: 30
FILE: admin/language/russian/common/menu.php
CODE: 'Опции';
LINE: 43
FILE: admin/model/catalog/product.php
CODE: if (isset($data['image'])) {
LINE: 31
LINE: 183
CODE: $data['product_attribute'] = $this->getProductAttributes($product_id);
LINE: 356
CODE: $this->db->query("DELETE FROM " . DB_PREFIX . "product WHERE product_id = '" . (int)$product_id . "'");
LINE: 383
FILE: admin/view/template/catalog/product_form.tpl
CODE: <script type="text/javascript"><!--
LINE: 971
FILE: admin/view/template/common/menu.tpl
CODE: <li><a href="<?php echo $product; ?>"><?php echo $text_product; ?></a></li>
LINE: 10
FILE: catalog/controller/common/maintenance.php
CODE: index() {
LINE: 7
FILE: catalog/controller/common/seo_url.php
CODE: $this->url->addRewrite($this);
LINE: 12
FILE: catalog/controller/common/seo_pro.php
CODE: $this->url->addRewrite($this);
LINE: 33
FILE: catalog/model/catalog/product.php
CODE: if (!empty($data['filter_manufacturer_id'])) {
LINE: 155
LINE: 511
FILE: catalog/controller/product/category.php
CODE: $data['breadcrumbs'] = array();
LINE: 50
CODE: $product_total =
LINE: 201
CODE: if (isset($this->request->get['filter'])) {
LINE: 259
CODE: if (isset($this->request->get['filter'])) {
LINE: 334
CODE: if (isset($this->request->get['filter'])) {
LINE: 369
CODE: $data['limit'] = $limit;
LINE: 487
FILE: system/library/document.php
CODE: private $keywords;
LINE: 9
CODE: public function setTitle($title) {
LINE: 26
FILE: catalog/controller/common/header.php
CODE: $data['scripts'] = $this->document->getScripts();
LINE: 38
FILE: catalog/view/theme/default/template/common/header.tpl
CODE: </title>
LINE: 18
FILE: catalog/view/theme/midasstone/template/common/header.tpl
CODE: </title>
LINE: 13
----------------------------------------------------------------
MOD: Short Checkout
FILE: catalog/controller/total/coupon.php
CODE: $data['redirect'] = $this->url->link('checkout/cart');
NOT FOUND!
CODE: $json['redirect'] = $this->url->link('checkout/cart');
LINE: 52
FILE: catalog/controller/total/voucher.php
CODE: $json['redirect'] = $this->url->link('checkout/cart');
LINE: 50
CODE: $data['redirect'] = $this->url->link('checkout/cart');
NOT FOUND!
FILE: catalog/controller/total/shipping.php
CODE: $json['redirect'] = $this->url->link('checkout/cart');
LINE: 198
FILE: catalog/controller/checkout/confirm.php
CODE: $redirect = $this->url->link('checkout/checkout', '', 'SSL');
LINE: 8
LINE: 13
LINE: 23
LINE: 28
CODE: $redirect = $this->url->link('checkout/cart');
LINE: 41
LINE: 57
FILE: catalog/controller/common/cart.php
CODE: $data['cart'] = $this->url->link('checkout/cart');
LINE: 134
CODE: $data['checkout'] = $this->url->link('checkout/checkout', '', 'SSL');
LINE: 137
CODE: $data['cart'] = $this->url->link('checkout/cart');
NOT FOUND!
CODE: $data['checkout'] = $this->url->link('checkout/checkout', '', 'SSL');
LINE: 91
CODE: $data['shopping_cart'] = $this->url->link('checkout/cart');
LINE: 90
FILE: catalog/controller/checkout/cart.php
CODE: $json['success'] = sprintf($this->language->get('text_success'), $this->url->link('product/product', 'product_id=' . $this->request->post['product_id']), $product_info['name'], $this->url->link('checkout/cart'));
LINE: 343
CODE: $data['continue'] = $this->url->link('checkout/cart');
NOT FOUND!
FILE: catalog/model/checkout/order.php
CODE: $mail->setTo($order_info['email']);
LINE: 682
LINE: 857
CODE: $mail->send();
LINE: 691
CODE: $mail->send();
LINE: 868
----------------------------------------------------------------
2017-04-22 1:55:04 - MOD: Modification Default
FILE: system/engine/action.php
REGEX: ~(require|include)(_once)?\(([^)]+)~
LINE: 39
FILE: system/engine/loader.php
REGEX: ~(require|include)(_once)?\(([^)]+)~
LINE: 20
LINE: 59
LINE: 80
LINE: 99
FILE: system/library/config.php
REGEX: ~(require|include)(_once)?\(([^)]+)~
LINE: 23
FILE: system/library/language.php
REGEX: ~(require|include)(_once)?\(([^)]+)~
LINE: 25
LINE: 31
----------------------------------------------------------------
MOD: Buy One Click for 2.2
FILE: catalog/language/russian/product/product.php
CODE: // Entry
LINE: 40
FILE: catalog/controller/product/product.php
CODE: $this->load->model('catalog/review');
LINE: 276
LINE: 590
LINE: 667
FILE: catalog/view/theme/default/template/product/product.tpl
CODE: <?php if ($review_status) { ?>
LINE: 332
CODE: <?php echo $footer; ?>
LINE: 664
FILE: catalog/view/theme/midasstone/template/product/product.tpl
CODE: <?php if ($review_status) { ?>
LINE: 597
CODE: <?php echo $footer; ?>
LINE: 783
----------------------------------------------------------------
MOD: Local copy OCMOD by iSenseLabs
FILE: admin/controller/extension/installer.php
CODE: 'url'  => str_replace('&amp;', '&', $this->url->link('extension/installer/ftp', 'token=' . $this->session->data['token'],
LINE: 132
CODE: public function unzip() {
LINE: 293
----------------------------------------------------------------
MOD: OCFilter Modification
FILE: admin/controller/catalog/product.php
CODE: function getForm() {
LINE: 528
CODE: $data['tab_general'] = $this->language->get('tab_general');
LINE: 639
FILE: admin/controller/common/menu.php
CODE: $this->language->get('text_product');
LINE: 57
CODE: $this->url->link('catalog/information', 'token=' . $this->session->data['token'], 'SSL');
LINE: 146
CODE: $this->url->link('catalog/information', 'token=' . $this->session->data['token'], true);
NOT FOUND!
FILE: admin/language/english/catalog/product.php
CODE: 'Action';
LINE: 31
FILE: admin/language/english/common/menu.php
CODE: 'Options';
LINE: 43
FILE: admin/language/russian/catalog/product.php
CODE: 'Статус';
LINE: 30
FILE: admin/language/russian/common/menu.php
CODE: 'Опции';
LINE: 43
FILE: admin/model/catalog/product.php
CODE: if (isset($data['image'])) {
LINE: 31
LINE: 183
CODE: $data['product_attribute'] = $this->getProductAttributes($product_id);
LINE: 356
CODE: $this->db->query("DELETE FROM " . DB_PREFIX . "product WHERE product_id = '" . (int)$product_id . "'");
LINE: 383
FILE: admin/view/template/catalog/product_form.tpl
CODE: <script type="text/javascript"><!--
LINE: 971
FILE: admin/view/template/common/menu.tpl
CODE: <li><a href="<?php echo $product; ?>"><?php echo $text_product; ?></a></li>
LINE: 10
FILE: catalog/controller/common/maintenance.php
CODE: index() {
LINE: 7
FILE: catalog/controller/common/seo_url.php
CODE: $this->url->addRewrite($this);
LINE: 12
FILE: catalog/controller/common/seo_pro.php
CODE: $this->url->addRewrite($this);
LINE: 33
FILE: catalog/model/catalog/product.php
CODE: if (!empty($data['filter_manufacturer_id'])) {
LINE: 155
LINE: 511
FILE: catalog/controller/product/category.php
CODE: $data['breadcrumbs'] = array();
LINE: 50
CODE: $product_total =
LINE: 201
CODE: if (isset($this->request->get['filter'])) {
LINE: 259
CODE: if (isset($this->request->get['filter'])) {
LINE: 334
CODE: if (isset($this->request->get['filter'])) {
LINE: 369
CODE: $data['limit'] = $limit;
LINE: 487
FILE: system/library/document.php
CODE: private $keywords;
LINE: 9
CODE: public function setTitle($title) {
LINE: 26
FILE: catalog/controller/common/header.php
CODE: $data['scripts'] = $this->document->getScripts();
LINE: 38
FILE: catalog/view/theme/default/template/common/header.tpl
CODE: </title>
LINE: 18
FILE: catalog/view/theme/midasstone/template/common/header.tpl
CODE: </title>
LINE: 13
----------------------------------------------------------------
MOD: Short Checkout
FILE: catalog/controller/total/coupon.php
CODE: $data['redirect'] = $this->url->link('checkout/cart');
NOT FOUND!
CODE: $json['redirect'] = $this->url->link('checkout/cart');
LINE: 52
FILE: catalog/controller/total/voucher.php
CODE: $json['redirect'] = $this->url->link('checkout/cart');
LINE: 50
CODE: $data['redirect'] = $this->url->link('checkout/cart');
NOT FOUND!
FILE: catalog/controller/total/shipping.php
CODE: $json['redirect'] = $this->url->link('checkout/cart');
LINE: 198
FILE: catalog/controller/checkout/confirm.php
CODE: $redirect = $this->url->link('checkout/checkout', '', 'SSL');
LINE: 8
LINE: 13
LINE: 23
LINE: 28
CODE: $redirect = $this->url->link('checkout/cart');
LINE: 41
LINE: 57
FILE: catalog/controller/common/cart.php
CODE: $data['cart'] = $this->url->link('checkout/cart');
LINE: 134
CODE: $data['checkout'] = $this->url->link('checkout/checkout', '', 'SSL');
LINE: 137
CODE: $data['cart'] = $this->url->link('checkout/cart');
NOT FOUND!
CODE: $data['checkout'] = $this->url->link('checkout/checkout', '', 'SSL');
LINE: 91
CODE: $data['shopping_cart'] = $this->url->link('checkout/cart');
LINE: 90
FILE: catalog/controller/checkout/cart.php
CODE: $json['success'] = sprintf($this->language->get('text_success'), $this->url->link('product/product', 'product_id=' . $this->request->post['product_id']), $product_info['name'], $this->url->link('checkout/cart'));
LINE: 343
CODE: $data['continue'] = $this->url->link('checkout/cart');
NOT FOUND!
FILE: catalog/model/checkout/order.php
CODE: $mail->setTo($order_info['email']);
LINE: 682
LINE: 857
CODE: $mail->send();
LINE: 691
CODE: $mail->send();
LINE: 868
----------------------------------------------------------------
2017-04-22 7:21:05 - MOD: Modification Default
FILE: system/engine/action.php
REGEX: ~(require|include)(_once)?\(([^)]+)~
LINE: 39
FILE: system/engine/loader.php
REGEX: ~(require|include)(_once)?\(([^)]+)~
LINE: 20
LINE: 59
LINE: 80
LINE: 99
FILE: system/library/config.php
REGEX: ~(require|include)(_once)?\(([^)]+)~
LINE: 23
FILE: system/library/language.php
REGEX: ~(require|include)(_once)?\(([^)]+)~
LINE: 25
LINE: 31
----------------------------------------------------------------
MOD: AJAX Live Search
FILE: catalog/controller/common/footer.php
CODE: $this->load->language('common/footer');
LINE: 15
FILE: catalog/view/theme/default/template/common/footer.tpl
CODE: </footer>
LINE: 148
FILE: catalog/view/theme/midasstone/template/common/footer.tpl
CODE: </footer>
LINE: 136
----------------------------------------------------------------
MOD: Buy One Click for 2.2
FILE: catalog/language/russian/product/product.php
CODE: // Entry
LINE: 40
FILE: catalog/controller/product/product.php
CODE: $this->load->model('catalog/review');
LINE: 276
LINE: 590
LINE: 667
FILE: catalog/view/theme/default/template/product/product.tpl
CODE: <?php if ($review_status) { ?>
LINE: 332
CODE: <?php echo $footer; ?>
LINE: 664
FILE: catalog/view/theme/midasstone/template/product/product.tpl
CODE: <?php if ($review_status) { ?>
LINE: 597
CODE: <?php echo $footer; ?>
LINE: 783
----------------------------------------------------------------
MOD: Local copy OCMOD by iSenseLabs
FILE: admin/controller/extension/installer.php
CODE: 'url'  => str_replace('&amp;', '&', $this->url->link('extension/installer/ftp', 'token=' . $this->session->data['token'],
LINE: 132
CODE: public function unzip() {
LINE: 293
----------------------------------------------------------------
MOD: OCFilter Modification
FILE: admin/controller/catalog/product.php
CODE: function getForm() {
LINE: 528
CODE: $data['tab_general'] = $this->language->get('tab_general');
LINE: 639
FILE: admin/controller/common/menu.php
CODE: $this->language->get('text_product');
LINE: 57
CODE: $this->url->link('catalog/information', 'token=' . $this->session->data['token'], 'SSL');
LINE: 146
CODE: $this->url->link('catalog/information', 'token=' . $this->session->data['token'], true);
NOT FOUND!
FILE: admin/language/english/catalog/product.php
CODE: 'Action';
LINE: 31
FILE: admin/language/english/common/menu.php
CODE: 'Options';
LINE: 43
FILE: admin/language/russian/catalog/product.php
CODE: 'Статус';
LINE: 30
FILE: admin/language/russian/common/menu.php
CODE: 'Опции';
LINE: 43
FILE: admin/model/catalog/product.php
CODE: if (isset($data['image'])) {
LINE: 31
LINE: 183
CODE: $data['product_attribute'] = $this->getProductAttributes($product_id);
LINE: 356
CODE: $this->db->query("DELETE FROM " . DB_PREFIX . "product WHERE product_id = '" . (int)$product_id . "'");
LINE: 383
FILE: admin/view/template/catalog/product_form.tpl
CODE: <script type="text/javascript"><!--
LINE: 971
FILE: admin/view/template/common/menu.tpl
CODE: <li><a href="<?php echo $product; ?>"><?php echo $text_product; ?></a></li>
LINE: 10
FILE: catalog/controller/common/maintenance.php
CODE: index() {
LINE: 7
FILE: catalog/controller/common/seo_url.php
CODE: $this->url->addRewrite($this);
LINE: 12
FILE: catalog/controller/common/seo_pro.php
CODE: $this->url->addRewrite($this);
LINE: 33
FILE: catalog/model/catalog/product.php
CODE: if (!empty($data['filter_manufacturer_id'])) {
LINE: 155
LINE: 511
FILE: catalog/controller/product/category.php
CODE: $data['breadcrumbs'] = array();
LINE: 50
CODE: $product_total =
LINE: 201
CODE: if (isset($this->request->get['filter'])) {
LINE: 259
CODE: if (isset($this->request->get['filter'])) {
LINE: 334
CODE: if (isset($this->request->get['filter'])) {
LINE: 369
CODE: $data['limit'] = $limit;
LINE: 487
FILE: system/library/document.php
CODE: private $keywords;
LINE: 9
CODE: public function setTitle($title) {
LINE: 26
FILE: catalog/controller/common/header.php
CODE: $data['scripts'] = $this->document->getScripts();
LINE: 38
FILE: catalog/view/theme/default/template/common/header.tpl
CODE: </title>
LINE: 18
FILE: catalog/view/theme/midasstone/template/common/header.tpl
CODE: </title>
LINE: 13
----------------------------------------------------------------
MOD: Short Checkout
FILE: catalog/controller/total/coupon.php
CODE: $data['redirect'] = $this->url->link('checkout/cart');
NOT FOUND!
CODE: $json['redirect'] = $this->url->link('checkout/cart');
LINE: 52
FILE: catalog/controller/total/voucher.php
CODE: $json['redirect'] = $this->url->link('checkout/cart');
LINE: 50
CODE: $data['redirect'] = $this->url->link('checkout/cart');
NOT FOUND!
FILE: catalog/controller/total/shipping.php
CODE: $json['redirect'] = $this->url->link('checkout/cart');
LINE: 198
FILE: catalog/controller/checkout/confirm.php
CODE: $redirect = $this->url->link('checkout/checkout', '', 'SSL');
LINE: 8
LINE: 13
LINE: 23
LINE: 28
CODE: $redirect = $this->url->link('checkout/cart');
LINE: 41
LINE: 57
FILE: catalog/controller/common/cart.php
CODE: $data['cart'] = $this->url->link('checkout/cart');
LINE: 134
CODE: $data['checkout'] = $this->url->link('checkout/checkout', '', 'SSL');
LINE: 137
CODE: $data['cart'] = $this->url->link('checkout/cart');
NOT FOUND!
CODE: $data['checkout'] = $this->url->link('checkout/checkout', '', 'SSL');
LINE: 91
CODE: $data['shopping_cart'] = $this->url->link('checkout/cart');
LINE: 90
FILE: catalog/controller/checkout/cart.php
CODE: $json['success'] = sprintf($this->language->get('text_success'), $this->url->link('product/product', 'product_id=' . $this->request->post['product_id']), $product_info['name'], $this->url->link('checkout/cart'));
LINE: 343
CODE: $data['continue'] = $this->url->link('checkout/cart');
NOT FOUND!
FILE: catalog/model/checkout/order.php
CODE: $mail->setTo($order_info['email']);
LINE: 682
LINE: 857
CODE: $mail->send();
LINE: 691
CODE: $mail->send();
LINE: 868
----------------------------------------------------------------
2017-04-22 7:48:53 - MOD: Modification Default
FILE: system/engine/action.php
REGEX: ~(require|include)(_once)?\(([^)]+)~
LINE: 39
FILE: system/engine/loader.php
REGEX: ~(require|include)(_once)?\(([^)]+)~
LINE: 20
LINE: 59
LINE: 80
LINE: 99
FILE: system/library/config.php
REGEX: ~(require|include)(_once)?\(([^)]+)~
LINE: 23
FILE: system/library/language.php
REGEX: ~(require|include)(_once)?\(([^)]+)~
LINE: 25
LINE: 31
----------------------------------------------------------------
MOD: AJAX Live Search
FILE: catalog/controller/common/footer.php
CODE: $this->load->language('common/footer');
LINE: 15
FILE: catalog/view/theme/default/template/common/footer.tpl
CODE: </footer>
LINE: 148
FILE: catalog/view/theme/midasstone/template/common/footer.tpl
CODE: </footer>
LINE: 136
----------------------------------------------------------------
MOD: Buy One Click for 2.2
FILE: catalog/language/russian/product/product.php
CODE: // Entry
LINE: 40
FILE: catalog/controller/product/product.php
CODE: $this->load->model('catalog/review');
LINE: 276
LINE: 590
LINE: 667
FILE: catalog/view/theme/default/template/product/product.tpl
CODE: <?php if ($review_status) { ?>
LINE: 332
CODE: <?php echo $footer; ?>
LINE: 664
FILE: catalog/view/theme/midasstone/template/product/product.tpl
CODE: <?php if ($review_status) { ?>
LINE: 597
CODE: <?php echo $footer; ?>
LINE: 783
----------------------------------------------------------------
MOD: Easy Blog Simple
FILE: admin/controller/common/column_left.php
CODE: // Marketing
NOT FOUND!
CODE: <?php foreach ($informations as $information) { ?>
LINE: 10
CODE: $data['informations'] = array();
LINE: 42
----------------------------------------------------------------
MOD: Local copy OCMOD by iSenseLabs
FILE: admin/controller/extension/installer.php
CODE: 'url'  => str_replace('&amp;', '&', $this->url->link('extension/installer/ftp', 'token=' . $this->session->data['token'],
LINE: 132
CODE: public function unzip() {
LINE: 293
----------------------------------------------------------------
MOD: OCFilter Modification
FILE: admin/controller/catalog/product.php
CODE: function getForm() {
LINE: 528
CODE: $data['tab_general'] = $this->language->get('tab_general');
LINE: 639
FILE: admin/controller/common/menu.php
CODE: $this->language->get('text_product');
LINE: 57
CODE: $this->url->link('catalog/information', 'token=' . $this->session->data['token'], 'SSL');
LINE: 146
CODE: $this->url->link('catalog/information', 'token=' . $this->session->data['token'], true);
NOT FOUND!
FILE: admin/language/english/catalog/product.php
CODE: 'Action';
LINE: 31
FILE: admin/language/english/common/menu.php
CODE: 'Options';
LINE: 43
FILE: admin/language/russian/catalog/product.php
CODE: 'Статус';
LINE: 30
FILE: admin/language/russian/common/menu.php
CODE: 'Опции';
LINE: 43
FILE: admin/model/catalog/product.php
CODE: if (isset($data['image'])) {
LINE: 31
LINE: 183
CODE: $data['product_attribute'] = $this->getProductAttributes($product_id);
LINE: 356
CODE: $this->db->query("DELETE FROM " . DB_PREFIX . "product WHERE product_id = '" . (int)$product_id . "'");
LINE: 383
FILE: admin/view/template/catalog/product_form.tpl
CODE: <script type="text/javascript"><!--
LINE: 971
FILE: admin/view/template/common/menu.tpl
CODE: <li><a href="<?php echo $product; ?>"><?php echo $text_product; ?></a></li>
LINE: 10
FILE: catalog/controller/common/maintenance.php
CODE: index() {
LINE: 7
FILE: catalog/controller/common/seo_url.php
CODE: $this->url->addRewrite($this);
LINE: 12
FILE: catalog/controller/common/seo_pro.php
CODE: $this->url->addRewrite($this);
LINE: 33
FILE: catalog/model/catalog/product.php
CODE: if (!empty($data['filter_manufacturer_id'])) {
LINE: 155
LINE: 511
FILE: catalog/controller/product/category.php
CODE: $data['breadcrumbs'] = array();
LINE: 50
CODE: $product_total =
LINE: 201
CODE: if (isset($this->request->get['filter'])) {
LINE: 259
CODE: if (isset($this->request->get['filter'])) {
LINE: 334
CODE: if (isset($this->request->get['filter'])) {
LINE: 369
CODE: $data['limit'] = $limit;
LINE: 487
FILE: system/library/document.php
CODE: private $keywords;
LINE: 9
CODE: public function setTitle($title) {
LINE: 26
FILE: catalog/controller/common/header.php
CODE: $data['scripts'] = $this->document->getScripts();
LINE: 38
FILE: catalog/view/theme/default/template/common/header.tpl
CODE: </title>
LINE: 18
FILE: catalog/view/theme/midasstone/template/common/header.tpl
CODE: </title>
LINE: 13
----------------------------------------------------------------
MOD: Short Checkout
FILE: catalog/controller/total/coupon.php
CODE: $data['redirect'] = $this->url->link('checkout/cart');
NOT FOUND!
CODE: $json['redirect'] = $this->url->link('checkout/cart');
LINE: 52
FILE: catalog/controller/total/voucher.php
CODE: $json['redirect'] = $this->url->link('checkout/cart');
LINE: 50
CODE: $data['redirect'] = $this->url->link('checkout/cart');
NOT FOUND!
FILE: catalog/controller/total/shipping.php
CODE: $json['redirect'] = $this->url->link('checkout/cart');
LINE: 198
FILE: catalog/controller/checkout/confirm.php
CODE: $redirect = $this->url->link('checkout/checkout', '', 'SSL');
LINE: 8
LINE: 13
LINE: 23
LINE: 28
CODE: $redirect = $this->url->link('checkout/cart');
LINE: 41
LINE: 57
FILE: catalog/controller/common/cart.php
CODE: $data['cart'] = $this->url->link('checkout/cart');
LINE: 134
CODE: $data['checkout'] = $this->url->link('checkout/checkout', '', 'SSL');
LINE: 137
CODE: $data['cart'] = $this->url->link('checkout/cart');
NOT FOUND!
CODE: $data['checkout'] = $this->url->link('checkout/checkout', '', 'SSL');
LINE: 91
CODE: $data['shopping_cart'] = $this->url->link('checkout/cart');
LINE: 90
FILE: catalog/controller/checkout/cart.php
CODE: $json['success'] = sprintf($this->language->get('text_success'), $this->url->link('product/product', 'product_id=' . $this->request->post['product_id']), $product_info['name'], $this->url->link('checkout/cart'));
LINE: 343
CODE: $data['continue'] = $this->url->link('checkout/cart');
NOT FOUND!
FILE: catalog/model/checkout/order.php
CODE: $mail->setTo($order_info['email']);
LINE: 682
LINE: 857
CODE: $mail->send();
LINE: 691
CODE: $mail->send();
LINE: 868
----------------------------------------------------------------
2017-04-22 7:50:08 - MOD: Modification Default
FILE: system/engine/action.php
REGEX: ~(require|include)(_once)?\(([^)]+)~
LINE: 39
FILE: system/engine/loader.php
REGEX: ~(require|include)(_once)?\(([^)]+)~
LINE: 20
LINE: 59
LINE: 80
LINE: 99
FILE: system/library/config.php
REGEX: ~(require|include)(_once)?\(([^)]+)~
LINE: 23
FILE: system/library/language.php
REGEX: ~(require|include)(_once)?\(([^)]+)~
LINE: 25
LINE: 31
----------------------------------------------------------------
MOD: AJAX Live Search
FILE: catalog/controller/common/footer.php
CODE: $this->load->language('common/footer');
LINE: 15
FILE: catalog/view/theme/default/template/common/footer.tpl
CODE: </footer>
LINE: 148
FILE: catalog/view/theme/midasstone/template/common/footer.tpl
CODE: </footer>
LINE: 136
----------------------------------------------------------------
MOD: Buy One Click for 2.2
FILE: catalog/language/russian/product/product.php
CODE: // Entry
LINE: 40
FILE: catalog/controller/product/product.php
CODE: $this->load->model('catalog/review');
LINE: 276
LINE: 590
LINE: 667
FILE: catalog/view/theme/default/template/product/product.tpl
CODE: <?php if ($review_status) { ?>
LINE: 332
CODE: <?php echo $footer; ?>
LINE: 664
FILE: catalog/view/theme/midasstone/template/product/product.tpl
CODE: <?php if ($review_status) { ?>
LINE: 597
CODE: <?php echo $footer; ?>
LINE: 783
----------------------------------------------------------------
MOD: Local copy OCMOD by iSenseLabs
FILE: admin/controller/extension/installer.php
CODE: 'url'  => str_replace('&amp;', '&', $this->url->link('extension/installer/ftp', 'token=' . $this->session->data['token'],
LINE: 132
CODE: public function unzip() {
LINE: 293
----------------------------------------------------------------
MOD: OCFilter Modification
FILE: admin/controller/catalog/product.php
CODE: function getForm() {
LINE: 528
CODE: $data['tab_general'] = $this->language->get('tab_general');
LINE: 639
FILE: admin/controller/common/menu.php
CODE: $this->language->get('text_product');
LINE: 57
CODE: $this->url->link('catalog/information', 'token=' . $this->session->data['token'], 'SSL');
LINE: 146
CODE: $this->url->link('catalog/information', 'token=' . $this->session->data['token'], true);
NOT FOUND!
FILE: admin/language/english/catalog/product.php
CODE: 'Action';
LINE: 31
FILE: admin/language/english/common/menu.php
CODE: 'Options';
LINE: 43
FILE: admin/language/russian/catalog/product.php
CODE: 'Статус';
LINE: 30
FILE: admin/language/russian/common/menu.php
CODE: 'Опции';
LINE: 43
FILE: admin/model/catalog/product.php
CODE: if (isset($data['image'])) {
LINE: 31
LINE: 183
CODE: $data['product_attribute'] = $this->getProductAttributes($product_id);
LINE: 356
CODE: $this->db->query("DELETE FROM " . DB_PREFIX . "product WHERE product_id = '" . (int)$product_id . "'");
LINE: 383
FILE: admin/view/template/catalog/product_form.tpl
CODE: <script type="text/javascript"><!--
LINE: 971
FILE: admin/view/template/common/menu.tpl
CODE: <li><a href="<?php echo $product; ?>"><?php echo $text_product; ?></a></li>
LINE: 10
FILE: catalog/controller/common/maintenance.php
CODE: index() {
LINE: 7
FILE: catalog/controller/common/seo_url.php
CODE: $this->url->addRewrite($this);
LINE: 12
FILE: catalog/controller/common/seo_pro.php
CODE: $this->url->addRewrite($this);
LINE: 33
FILE: catalog/model/catalog/product.php
CODE: if (!empty($data['filter_manufacturer_id'])) {
LINE: 155
LINE: 511
FILE: catalog/controller/product/category.php
CODE: $data['breadcrumbs'] = array();
LINE: 50
CODE: $product_total =
LINE: 201
CODE: if (isset($this->request->get['filter'])) {
LINE: 259
CODE: if (isset($this->request->get['filter'])) {
LINE: 334
CODE: if (isset($this->request->get['filter'])) {
LINE: 369
CODE: $data['limit'] = $limit;
LINE: 487
FILE: system/library/document.php
CODE: private $keywords;
LINE: 9
CODE: public function setTitle($title) {
LINE: 26
FILE: catalog/controller/common/header.php
CODE: $data['scripts'] = $this->document->getScripts();
LINE: 38
FILE: catalog/view/theme/default/template/common/header.tpl
CODE: </title>
LINE: 18
FILE: catalog/view/theme/midasstone/template/common/header.tpl
CODE: </title>
LINE: 13
----------------------------------------------------------------
MOD: Short Checkout
FILE: catalog/controller/total/coupon.php
CODE: $data['redirect'] = $this->url->link('checkout/cart');
NOT FOUND!
CODE: $json['redirect'] = $this->url->link('checkout/cart');
LINE: 52
FILE: catalog/controller/total/voucher.php
CODE: $json['redirect'] = $this->url->link('checkout/cart');
LINE: 50
CODE: $data['redirect'] = $this->url->link('checkout/cart');
NOT FOUND!
FILE: catalog/controller/total/shipping.php
CODE: $json['redirect'] = $this->url->link('checkout/cart');
LINE: 198
FILE: catalog/controller/checkout/confirm.php
CODE: $redirect = $this->url->link('checkout/checkout', '', 'SSL');
LINE: 8
LINE: 13
LINE: 23
LINE: 28
CODE: $redirect = $this->url->link('checkout/cart');
LINE: 41
LINE: 57
FILE: catalog/controller/common/cart.php
CODE: $data['cart'] = $this->url->link('checkout/cart');
LINE: 134
CODE: $data['checkout'] = $this->url->link('checkout/checkout', '', 'SSL');
LINE: 137
CODE: $data['cart'] = $this->url->link('checkout/cart');
NOT FOUND!
CODE: $data['checkout'] = $this->url->link('checkout/checkout', '', 'SSL');
LINE: 91
CODE: $data['shopping_cart'] = $this->url->link('checkout/cart');
LINE: 90
FILE: catalog/controller/checkout/cart.php
CODE: $json['success'] = sprintf($this->language->get('text_success'), $this->url->link('product/product', 'product_id=' . $this->request->post['product_id']), $product_info['name'], $this->url->link('checkout/cart'));
LINE: 343
CODE: $data['continue'] = $this->url->link('checkout/cart');
NOT FOUND!
FILE: catalog/model/checkout/order.php
CODE: $mail->setTo($order_info['email']);
LINE: 682
LINE: 857
CODE: $mail->send();
LINE: 691
CODE: $mail->send();
LINE: 868
----------------------------------------------------------------
2017-04-22 7:52:35 - MOD: Modification Default
FILE: system/engine/action.php
REGEX: ~(require|include)(_once)?\(([^)]+)~
LINE: 39
FILE: system/engine/loader.php
REGEX: ~(require|include)(_once)?\(([^)]+)~
LINE: 20
LINE: 59
LINE: 80
LINE: 99
FILE: system/library/config.php
REGEX: ~(require|include)(_once)?\(([^)]+)~
LINE: 23
FILE: system/library/language.php
REGEX: ~(require|include)(_once)?\(([^)]+)~
LINE: 25
LINE: 31
----------------------------------------------------------------
MOD: AJAX Live Search
FILE: catalog/controller/common/footer.php
CODE: $this->load->language('common/footer');
LINE: 15
FILE: catalog/view/theme/default/template/common/footer.tpl
CODE: </footer>
LINE: 148
FILE: catalog/view/theme/midasstone/template/common/footer.tpl
CODE: </footer>
LINE: 136
----------------------------------------------------------------
MOD: Buy One Click for 2.2
FILE: catalog/language/russian/product/product.php
CODE: // Entry
LINE: 40
FILE: catalog/controller/product/product.php
CODE: $this->load->model('catalog/review');
LINE: 276
LINE: 590
LINE: 667
FILE: catalog/view/theme/default/template/product/product.tpl
CODE: <?php if ($review_status) { ?>
LINE: 332
CODE: <?php echo $footer; ?>
LINE: 664
FILE: catalog/view/theme/midasstone/template/product/product.tpl
CODE: <?php if ($review_status) { ?>
LINE: 597
CODE: <?php echo $footer; ?>
LINE: 783
----------------------------------------------------------------
MOD: Easy Blog Simple for oc2011+
FILE: admin/controller/common/menu.php
CODE: return $this->load->view('common/menu
LINE: 219
FILE: admin/view/template/common/menu.tpl
CODE: <li id="system"><a class="parent"><i class="fa fa-cog fa-fw"></i> <span><?php echo $text_system; ?></span></a>
LINE: 129
CODE: <?php foreach ($informations as $information) { ?>
LINE: 10
CODE: $data['informations'] = array();
LINE: 42
----------------------------------------------------------------
MOD: Local copy OCMOD by iSenseLabs
FILE: admin/controller/extension/installer.php
CODE: 'url'  => str_replace('&amp;', '&', $this->url->link('extension/installer/ftp', 'token=' . $this->session->data['token'],
LINE: 132
CODE: public function unzip() {
LINE: 293
----------------------------------------------------------------
MOD: OCFilter Modification
FILE: admin/controller/catalog/product.php
CODE: function getForm() {
LINE: 528
CODE: $data['tab_general'] = $this->language->get('tab_general');
LINE: 639
CODE: $this->language->get('text_product');
LINE: 57
CODE: $this->url->link('catalog/information', 'token=' . $this->session->data['token'], 'SSL');
LINE: 146
CODE: $this->url->link('catalog/information', 'token=' . $this->session->data['token'], true);
NOT FOUND!
FILE: admin/language/english/catalog/product.php
CODE: 'Action';
LINE: 31
FILE: admin/language/english/common/menu.php
CODE: 'Options';
LINE: 43
FILE: admin/language/russian/catalog/product.php
CODE: 'Статус';
LINE: 30
FILE: admin/language/russian/common/menu.php
CODE: 'Опции';
LINE: 43
FILE: admin/model/catalog/product.php
CODE: if (isset($data['image'])) {
LINE: 31
LINE: 183
CODE: $data['product_attribute'] = $this->getProductAttributes($product_id);
LINE: 356
CODE: $this->db->query("DELETE FROM " . DB_PREFIX . "product WHERE product_id = '" . (int)$product_id . "'");
LINE: 383
FILE: admin/view/template/catalog/product_form.tpl
CODE: <script type="text/javascript"><!--
LINE: 971
CODE: <li><a href="<?php echo $product; ?>"><?php echo $text_product; ?></a></li>
LINE: 10
FILE: catalog/controller/common/maintenance.php
CODE: index() {
LINE: 7
FILE: catalog/controller/common/seo_url.php
CODE: $this->url->addRewrite($this);
LINE: 12
FILE: catalog/controller/common/seo_pro.php
CODE: $this->url->addRewrite($this);
LINE: 33
FILE: catalog/model/catalog/product.php
CODE: if (!empty($data['filter_manufacturer_id'])) {
LINE: 155
LINE: 511
FILE: catalog/controller/product/category.php
CODE: $data['breadcrumbs'] = array();
LINE: 50
CODE: $product_total =
LINE: 201
CODE: if (isset($this->request->get['filter'])) {
LINE: 259
CODE: if (isset($this->request->get['filter'])) {
LINE: 334
CODE: if (isset($this->request->get['filter'])) {
LINE: 369
CODE: $data['limit'] = $limit;
LINE: 487
FILE: system/library/document.php
CODE: private $keywords;
LINE: 9
CODE: public function setTitle($title) {
LINE: 26
FILE: catalog/controller/common/header.php
CODE: $data['scripts'] = $this->document->getScripts();
LINE: 38
FILE: catalog/view/theme/default/template/common/header.tpl
CODE: </title>
LINE: 18
FILE: catalog/view/theme/midasstone/template/common/header.tpl
CODE: </title>
LINE: 13
----------------------------------------------------------------
MOD: Short Checkout
FILE: catalog/controller/total/coupon.php
CODE: $data['redirect'] = $this->url->link('checkout/cart');
NOT FOUND!
CODE: $json['redirect'] = $this->url->link('checkout/cart');
LINE: 52
FILE: catalog/controller/total/voucher.php
CODE: $json['redirect'] = $this->url->link('checkout/cart');
LINE: 50
CODE: $data['redirect'] = $this->url->link('checkout/cart');
NOT FOUND!
FILE: catalog/controller/total/shipping.php
CODE: $json['redirect'] = $this->url->link('checkout/cart');
LINE: 198
FILE: catalog/controller/checkout/confirm.php
CODE: $redirect = $this->url->link('checkout/checkout', '', 'SSL');
LINE: 8
LINE: 13
LINE: 23
LINE: 28
CODE: $redirect = $this->url->link('checkout/cart');
LINE: 41
LINE: 57
FILE: catalog/controller/common/cart.php
CODE: $data['cart'] = $this->url->link('checkout/cart');
LINE: 134
CODE: $data['checkout'] = $this->url->link('checkout/checkout', '', 'SSL');
LINE: 137
CODE: $data['cart'] = $this->url->link('checkout/cart');
NOT FOUND!
CODE: $data['checkout'] = $this->url->link('checkout/checkout', '', 'SSL');
LINE: 91
CODE: $data['shopping_cart'] = $this->url->link('checkout/cart');
LINE: 90
FILE: catalog/controller/checkout/cart.php
CODE: $json['success'] = sprintf($this->language->get('text_success'), $this->url->link('product/product', 'product_id=' . $this->request->post['product_id']), $product_info['name'], $this->url->link('checkout/cart'));
LINE: 343
CODE: $data['continue'] = $this->url->link('checkout/cart');
NOT FOUND!
FILE: catalog/model/checkout/order.php
CODE: $mail->setTo($order_info['email']);
LINE: 682
LINE: 857
CODE: $mail->send();
LINE: 691
CODE: $mail->send();
LINE: 868
----------------------------------------------------------------
2017-04-22 8:45:50 - MOD: Modification Default
FILE: system/engine/action.php
REGEX: ~(require|include)(_once)?\(([^)]+)~
LINE: 39
FILE: system/engine/loader.php
REGEX: ~(require|include)(_once)?\(([^)]+)~
LINE: 20
LINE: 59
LINE: 80
LINE: 99
FILE: system/library/config.php
REGEX: ~(require|include)(_once)?\(([^)]+)~
LINE: 23
FILE: system/library/language.php
REGEX: ~(require|include)(_once)?\(([^)]+)~
LINE: 25
LINE: 31
----------------------------------------------------------------
MOD: AJAX Live Search
FILE: catalog/controller/common/footer.php
CODE: $this->load->language('common/footer');
LINE: 15
FILE: catalog/view/theme/default/template/common/footer.tpl
CODE: </footer>
LINE: 148
FILE: catalog/view/theme/midasstone/template/common/footer.tpl
CODE: </footer>
LINE: 136
----------------------------------------------------------------
MOD: Buy One Click for 2.2
FILE: catalog/language/russian/product/product.php
CODE: // Entry
LINE: 40
FILE: catalog/controller/product/product.php
CODE: $this->load->model('catalog/review');
LINE: 276
LINE: 590
LINE: 667
FILE: catalog/view/theme/default/template/product/product.tpl
CODE: <?php if ($review_status) { ?>
LINE: 332
CODE: <?php echo $footer; ?>
LINE: 664
FILE: catalog/view/theme/midasstone/template/product/product.tpl
CODE: <?php if ($review_status) { ?>
LINE: 597
CODE: <?php echo $footer; ?>
LINE: 783
----------------------------------------------------------------
MOD: Easy Blog Simple for oc2011+
FILE: admin/controller/common/menu.php
CODE: return $this->load->view('common/menu
LINE: 219
FILE: admin/view/template/common/menu.tpl
CODE: <li id="system"><a class="parent"><i class="fa fa-cog fa-fw"></i> <span><?php echo $text_system; ?></span></a>
LINE: 129
CODE: <?php foreach ($informations as $information) { ?>
LINE: 10
CODE: $data['informations'] = array();
LINE: 42
----------------------------------------------------------------
MOD: Local copy OCMOD by iSenseLabs
FILE: admin/controller/extension/installer.php
CODE: 'url'  => str_replace('&amp;', '&', $this->url->link('extension/installer/ftp', 'token=' . $this->session->data['token'],
LINE: 132
CODE: public function unzip() {
LINE: 293
----------------------------------------------------------------
MOD: OCFilter Modification
FILE: admin/controller/catalog/product.php
CODE: function getForm() {
LINE: 528
CODE: $data['tab_general'] = $this->language->get('tab_general');
LINE: 639
CODE: $this->language->get('text_product');
LINE: 57
CODE: $this->url->link('catalog/information', 'token=' . $this->session->data['token'], 'SSL');
LINE: 146
CODE: $this->url->link('catalog/information', 'token=' . $this->session->data['token'], true);
NOT FOUND!
FILE: admin/language/english/catalog/product.php
CODE: 'Action';
LINE: 31
FILE: admin/language/english/common/menu.php
CODE: 'Options';
LINE: 43
FILE: admin/language/russian/catalog/product.php
CODE: 'Статус';
LINE: 30
FILE: admin/language/russian/common/menu.php
CODE: 'Опции';
LINE: 43
FILE: admin/model/catalog/product.php
CODE: if (isset($data['image'])) {
LINE: 31
LINE: 183
CODE: $data['product_attribute'] = $this->getProductAttributes($product_id);
LINE: 356
CODE: $this->db->query("DELETE FROM " . DB_PREFIX . "product WHERE product_id = '" . (int)$product_id . "'");
LINE: 383
FILE: admin/view/template/catalog/product_form.tpl
CODE: <script type="text/javascript"><!--
LINE: 971
CODE: <li><a href="<?php echo $product; ?>"><?php echo $text_product; ?></a></li>
LINE: 10
FILE: catalog/controller/common/maintenance.php
CODE: index() {
LINE: 7
FILE: catalog/controller/common/seo_url.php
CODE: $this->url->addRewrite($this);
LINE: 12
FILE: catalog/controller/common/seo_pro.php
CODE: $this->url->addRewrite($this);
LINE: 33
FILE: catalog/model/catalog/product.php
CODE: if (!empty($data['filter_manufacturer_id'])) {
LINE: 155
LINE: 511
FILE: catalog/controller/product/category.php
CODE: $data['breadcrumbs'] = array();
LINE: 50
CODE: $product_total =
LINE: 201
CODE: if (isset($this->request->get['filter'])) {
LINE: 259
CODE: if (isset($this->request->get['filter'])) {
LINE: 334
CODE: if (isset($this->request->get['filter'])) {
LINE: 369
CODE: $data['limit'] = $limit;
LINE: 487
FILE: system/library/document.php
CODE: private $keywords;
LINE: 9
CODE: public function setTitle($title) {
LINE: 26
FILE: catalog/controller/common/header.php
CODE: $data['scripts'] = $this->document->getScripts();
LINE: 38
FILE: catalog/view/theme/default/template/common/header.tpl
CODE: </title>
LINE: 18
FILE: catalog/view/theme/midasstone/template/common/header.tpl
CODE: </title>
LINE: 13
----------------------------------------------------------------
MOD: Short Checkout
FILE: catalog/controller/total/coupon.php
CODE: $data['redirect'] = $this->url->link('checkout/cart');
NOT FOUND!
CODE: $json['redirect'] = $this->url->link('checkout/cart');
LINE: 52
FILE: catalog/controller/total/voucher.php
CODE: $json['redirect'] = $this->url->link('checkout/cart');
LINE: 50
CODE: $data['redirect'] = $this->url->link('checkout/cart');
NOT FOUND!
FILE: catalog/controller/total/shipping.php
CODE: $json['redirect'] = $this->url->link('checkout/cart');
LINE: 198
FILE: catalog/controller/checkout/confirm.php
CODE: $redirect = $this->url->link('checkout/checkout', '', 'SSL');
LINE: 8
LINE: 13
LINE: 23
LINE: 28
CODE: $redirect = $this->url->link('checkout/cart');
LINE: 41
LINE: 57
FILE: catalog/controller/common/cart.php
CODE: $data['cart'] = $this->url->link('checkout/cart');
LINE: 134
CODE: $data['checkout'] = $this->url->link('checkout/checkout', '', 'SSL');
LINE: 137
CODE: $data['cart'] = $this->url->link('checkout/cart');
NOT FOUND!
CODE: $data['checkout'] = $this->url->link('checkout/checkout', '', 'SSL');
LINE: 91
CODE: $data['shopping_cart'] = $this->url->link('checkout/cart');
LINE: 90
FILE: catalog/controller/checkout/cart.php
CODE: $json['success'] = sprintf($this->language->get('text_success'), $this->url->link('product/product', 'product_id=' . $this->request->post['product_id']), $product_info['name'], $this->url->link('checkout/cart'));
LINE: 343
CODE: $data['continue'] = $this->url->link('checkout/cart');
NOT FOUND!
FILE: catalog/model/checkout/order.php
CODE: $mail->setTo($order_info['email']);
LINE: 682
LINE: 857
CODE: $mail->send();
LINE: 691
CODE: $mail->send();
LINE: 868
----------------------------------------------------------------
2017-07-08 15:37:17 - MOD: Modification Default
FILE: system/engine/action.php
REGEX: ~(require|include)(_once)?\(([^)]+)~
LINE: 39
FILE: system/engine/loader.php
REGEX: ~(require|include)(_once)?\(([^)]+)~
LINE: 20
LINE: 59
LINE: 80
LINE: 99
FILE: system/library/config.php
REGEX: ~(require|include)(_once)?\(([^)]+)~
LINE: 23
FILE: system/library/language.php
REGEX: ~(require|include)(_once)?\(([^)]+)~
LINE: 25
LINE: 31
----------------------------------------------------------------
MOD: AJAX Live Search
FILE: catalog/controller/common/footer.php
CODE: $this->load->language('common/footer');
LINE: 15
FILE: catalog/view/theme/default/template/common/footer.tpl
CODE: </footer>
LINE: 148
FILE: catalog/view/theme/midasstone/template/common/footer.tpl
CODE: </footer>
LINE: 136
FILE: catalog/view/theme/theme_for_midasstone/template/common/footer.tpl
CODE: </footer>
LINE: 148
----------------------------------------------------------------
MOD: Buy One Click for 2.2
FILE: catalog/language/russian/product/product.php
CODE: // Entry
LINE: 40
FILE: catalog/controller/product/product.php
CODE: $this->load->model('catalog/review');
LINE: 276
LINE: 590
LINE: 667
FILE: catalog/view/theme/default/template/product/product.tpl
CODE: <?php if ($review_status) { ?>
LINE: 332
CODE: <?php echo $footer; ?>
LINE: 664
FILE: catalog/view/theme/midasstone/template/product/product.tpl
CODE: <?php if ($review_status) { ?>
LINE: 597
CODE: <?php echo $footer; ?>
LINE: 783
----------------------------------------------------------------
MOD: Easy Blog Simple for oc2011+
FILE: admin/controller/common/menu.php
CODE: return $this->load->view('common/menu
LINE: 219
FILE: admin/view/template/common/menu.tpl
CODE: <li id="system"><a class="parent"><i class="fa fa-cog fa-fw"></i> <span><?php echo $text_system; ?></span></a>
LINE: 129
CODE: <?php foreach ($informations as $information) { ?>
LINE: 10
CODE: $data['informations'] = array();
LINE: 44
----------------------------------------------------------------
MOD: Local copy OCMOD by iSenseLabs
FILE: admin/controller/extension/installer.php
CODE: 'url'  => str_replace('&amp;', '&', $this->url->link('extension/installer/ftp', 'token=' . $this->session->data['token'],
LINE: 132
CODE: public function unzip() {
LINE: 293
----------------------------------------------------------------
MOD: OCFilter Modification
FILE: admin/controller/catalog/product.php
CODE: function getForm() {
LINE: 528
CODE: $data['tab_general'] = $this->language->get('tab_general');
LINE: 639
CODE: $this->language->get('text_product');
LINE: 57
CODE: $this->url->link('catalog/information', 'token=' . $this->session->data['token'], 'SSL');
LINE: 146
CODE: $this->url->link('catalog/information', 'token=' . $this->session->data['token'], true);
NOT FOUND!
FILE: admin/language/english/catalog/product.php
CODE: 'Action';
LINE: 31
FILE: admin/language/english/common/menu.php
CODE: 'Options';
LINE: 43
FILE: admin/language/russian/catalog/product.php
CODE: 'Статус';
LINE: 30
FILE: admin/language/russian/common/menu.php
CODE: 'Опции';
LINE: 43
FILE: admin/model/catalog/product.php
CODE: if (isset($data['image'])) {
LINE: 31
LINE: 183
CODE: $data['product_attribute'] = $this->getProductAttributes($product_id);
LINE: 356
CODE: $this->db->query("DELETE FROM " . DB_PREFIX . "product WHERE product_id = '" . (int)$product_id . "'");
LINE: 383
FILE: admin/view/template/catalog/product_form.tpl
CODE: <script type="text/javascript"><!--
LINE: 971
CODE: <li><a href="<?php echo $product; ?>"><?php echo $text_product; ?></a></li>
LINE: 10
FILE: catalog/controller/common/maintenance.php
CODE: index() {
LINE: 7
FILE: catalog/controller/common/seo_url.php
CODE: $this->url->addRewrite($this);
LINE: 12
FILE: catalog/controller/common/seo_pro.php
CODE: $this->url->addRewrite($this);
LINE: 33
FILE: catalog/model/catalog/product.php
CODE: if (!empty($data['filter_manufacturer_id'])) {
LINE: 155
LINE: 511
FILE: catalog/controller/product/category.php
CODE: $data['breadcrumbs'] = array();
LINE: 50
CODE: $product_total =
LINE: 201
CODE: if (isset($this->request->get['filter'])) {
LINE: 259
CODE: if (isset($this->request->get['filter'])) {
LINE: 334
CODE: if (isset($this->request->get['filter'])) {
LINE: 369
CODE: $data['limit'] = $limit;
LINE: 487
FILE: system/library/document.php
CODE: private $keywords;
LINE: 9
CODE: public function setTitle($title) {
LINE: 26
FILE: catalog/controller/common/header.php
CODE: $data['scripts'] = $this->document->getScripts();
LINE: 38
FILE: catalog/view/theme/default/template/common/header.tpl
CODE: </title>
LINE: 18
FILE: catalog/view/theme/midasstone/template/common/header.tpl
CODE: </title>
LINE: 13
FILE: catalog/view/theme/theme_for_midasstone/template/common/header.tpl
CODE: </title>
LINE: 13
----------------------------------------------------------------
MOD: Short Checkout
FILE: catalog/controller/total/coupon.php
CODE: $data['redirect'] = $this->url->link('checkout/cart');
NOT FOUND!
CODE: $json['redirect'] = $this->url->link('checkout/cart');
LINE: 52
FILE: catalog/controller/total/voucher.php
CODE: $json['redirect'] = $this->url->link('checkout/cart');
LINE: 50
CODE: $data['redirect'] = $this->url->link('checkout/cart');
NOT FOUND!
FILE: catalog/controller/total/shipping.php
CODE: $json['redirect'] = $this->url->link('checkout/cart');
LINE: 198
FILE: catalog/controller/checkout/confirm.php
CODE: $redirect = $this->url->link('checkout/checkout', '', 'SSL');
LINE: 8
LINE: 13
LINE: 23
LINE: 28
CODE: $redirect = $this->url->link('checkout/cart');
LINE: 41
LINE: 57
FILE: catalog/controller/common/cart.php
CODE: $data['cart'] = $this->url->link('checkout/cart');
LINE: 135
CODE: $data['checkout'] = $this->url->link('checkout/checkout', '', 'SSL');
LINE: 138
CODE: $data['cart'] = $this->url->link('checkout/cart');
NOT FOUND!
CODE: $data['checkout'] = $this->url->link('checkout/checkout', '', 'SSL');
LINE: 91
CODE: $data['shopping_cart'] = $this->url->link('checkout/cart');
LINE: 90
FILE: catalog/controller/checkout/cart.php
CODE: $json['success'] = sprintf($this->language->get('text_success'), $this->url->link('product/product', 'product_id=' . $this->request->post['product_id']), $product_info['name'], $this->url->link('checkout/cart'));
LINE: 343
CODE: $data['continue'] = $this->url->link('checkout/cart');
NOT FOUND!
FILE: catalog/model/checkout/order.php
CODE: $mail->setTo($order_info['email']);
LINE: 682
LINE: 857
CODE: $mail->send();
LINE: 691
CODE: $mail->send();
LINE: 868
----------------------------------------------------------------
2017-07-30 14:47:47 - MOD: Modification Default
FILE: system/engine/action.php
REGEX: ~(require|include)(_once)?\(([^)]+)~
LINE: 39
FILE: system/engine/loader.php
REGEX: ~(require|include)(_once)?\(([^)]+)~
LINE: 20
LINE: 59
LINE: 80
LINE: 99
FILE: system/library/config.php
REGEX: ~(require|include)(_once)?\(([^)]+)~
LINE: 23
FILE: system/library/language.php
REGEX: ~(require|include)(_once)?\(([^)]+)~
LINE: 25
LINE: 31
----------------------------------------------------------------
MOD: AJAX Live Search
FILE: catalog/controller/common/footer.php
CODE: $this->load->language('common/footer');
LINE: 15
FILE: catalog/view/theme/default/template/common/footer.tpl
CODE: </footer>
LINE: 148
FILE: catalog/view/theme/midasstone/template/common/footer.tpl
CODE: </footer>
LINE: 136
FILE: catalog/view/theme/theme_for_midasstone/template/common/footer.tpl
CODE: </footer>
LINE: 148
----------------------------------------------------------------
MOD: Buy One Click for 2.2
FILE: catalog/language/russian/product/product.php
CODE: // Entry
LINE: 40
FILE: catalog/controller/product/product.php
CODE: $this->load->model('catalog/review');
LINE: 276
LINE: 590
LINE: 667
FILE: catalog/view/theme/default/template/product/product.tpl
CODE: <?php if ($review_status) { ?>
LINE: 332
CODE: <?php echo $footer; ?>
LINE: 664
FILE: catalog/view/theme/midasstone/template/product/product.tpl
CODE: <?php if ($review_status) { ?>
LINE: 597
CODE: <?php echo $footer; ?>
LINE: 783
----------------------------------------------------------------
MOD: Easy Blog Simple for oc2011+
FILE: admin/controller/common/menu.php
CODE: return $this->load->view('common/menu
LINE: 219
FILE: admin/view/template/common/menu.tpl
CODE: <li id="system"><a class="parent"><i class="fa fa-cog fa-fw"></i> <span><?php echo $text_system; ?></span></a>
LINE: 129
CODE: <?php foreach ($informations as $information) { ?>
LINE: 10
CODE: $data['informations'] = array();
LINE: 44
----------------------------------------------------------------
MOD: Local copy OCMOD by iSenseLabs
FILE: admin/controller/extension/installer.php
CODE: 'url'  => str_replace('&amp;', '&', $this->url->link('extension/installer/ftp', 'token=' . $this->session->data['token'],
LINE: 132
CODE: public function unzip() {
LINE: 293
----------------------------------------------------------------
MOD: OCFilter Modification
FILE: admin/controller/catalog/product.php
CODE: function getForm() {
LINE: 528
CODE: $data['tab_general'] = $this->language->get('tab_general');
LINE: 639
CODE: $this->language->get('text_product');
LINE: 57
CODE: $this->url->link('catalog/information', 'token=' . $this->session->data['token'], 'SSL');
LINE: 146
CODE: $this->url->link('catalog/information', 'token=' . $this->session->data['token'], true);
NOT FOUND!
FILE: admin/language/english/catalog/product.php
CODE: 'Action';
LINE: 31
FILE: admin/language/english/common/menu.php
CODE: 'Options';
LINE: 43
FILE: admin/language/russian/catalog/product.php
CODE: 'Статус';
LINE: 30
FILE: admin/language/russian/common/menu.php
CODE: 'Опции';
LINE: 43
FILE: admin/model/catalog/product.php
CODE: if (isset($data['image'])) {
LINE: 31
LINE: 183
CODE: $data['product_attribute'] = $this->getProductAttributes($product_id);
LINE: 356
CODE: $this->db->query("DELETE FROM " . DB_PREFIX . "product WHERE product_id = '" . (int)$product_id . "'");
LINE: 383
FILE: admin/view/template/catalog/product_form.tpl
CODE: <script type="text/javascript"><!--
LINE: 971
CODE: <li><a href="<?php echo $product; ?>"><?php echo $text_product; ?></a></li>
LINE: 10
FILE: catalog/controller/common/maintenance.php
CODE: index() {
LINE: 7
FILE: catalog/controller/common/seo_url.php
CODE: $this->url->addRewrite($this);
LINE: 12
FILE: catalog/controller/common/seo_pro.php
CODE: $this->url->addRewrite($this);
LINE: 33
FILE: catalog/model/catalog/product.php
CODE: if (!empty($data['filter_manufacturer_id'])) {
LINE: 155
LINE: 511
FILE: catalog/controller/product/category.php
CODE: $data['breadcrumbs'] = array();
LINE: 50
CODE: $product_total =
LINE: 201
CODE: if (isset($this->request->get['filter'])) {
LINE: 259
CODE: if (isset($this->request->get['filter'])) {
LINE: 334
CODE: if (isset($this->request->get['filter'])) {
LINE: 369
CODE: $data['limit'] = $limit;
LINE: 487
FILE: system/library/document.php
CODE: private $keywords;
LINE: 9
CODE: public function setTitle($title) {
LINE: 26
FILE: catalog/controller/common/header.php
CODE: $data['scripts'] = $this->document->getScripts();
LINE: 38
FILE: catalog/view/theme/default/template/common/header.tpl
CODE: </title>
LINE: 18
FILE: catalog/view/theme/midasstone/template/common/header.tpl
CODE: </title>
LINE: 13
FILE: catalog/view/theme/theme_for_midasstone/template/common/header.tpl
CODE: </title>
LINE: 13
----------------------------------------------------------------
MOD: Short Checkout
FILE: catalog/controller/total/coupon.php
CODE: $data['redirect'] = $this->url->link('checkout/cart');
NOT FOUND!
CODE: $json['redirect'] = $this->url->link('checkout/cart');
LINE: 52
FILE: catalog/controller/total/voucher.php
CODE: $json['redirect'] = $this->url->link('checkout/cart');
LINE: 50
CODE: $data['redirect'] = $this->url->link('checkout/cart');
NOT FOUND!
FILE: catalog/controller/total/shipping.php
CODE: $json['redirect'] = $this->url->link('checkout/cart');
LINE: 198
FILE: catalog/controller/checkout/confirm.php
CODE: $redirect = $this->url->link('checkout/checkout', '', 'SSL');
LINE: 8
LINE: 13
LINE: 23
LINE: 28
CODE: $redirect = $this->url->link('checkout/cart');
LINE: 41
LINE: 57
FILE: catalog/controller/common/cart.php
CODE: $data['cart'] = $this->url->link('checkout/cart');
LINE: 135
CODE: $data['checkout'] = $this->url->link('checkout/checkout', '', 'SSL');
LINE: 138
CODE: $data['cart'] = $this->url->link('checkout/cart');
NOT FOUND!
CODE: $data['checkout'] = $this->url->link('checkout/checkout', '', 'SSL');
LINE: 91
CODE: $data['shopping_cart'] = $this->url->link('checkout/cart');
LINE: 90
FILE: catalog/controller/checkout/cart.php
CODE: $json['success'] = sprintf($this->language->get('text_success'), $this->url->link('product/product', 'product_id=' . $this->request->post['product_id']), $product_info['name'], $this->url->link('checkout/cart'));
LINE: 343
CODE: $data['continue'] = $this->url->link('checkout/cart');
NOT FOUND!
FILE: catalog/model/checkout/order.php
CODE: $mail->setTo($order_info['email']);
LINE: 682
LINE: 857
CODE: $mail->send();
LINE: 691
CODE: $mail->send();
LINE: 868
----------------------------------------------------------------
2017-07-30 14:48:26 - MOD: Modification Default
FILE: system/engine/action.php
REGEX: ~(require|include)(_once)?\(([^)]+)~
LINE: 39
FILE: system/engine/loader.php
REGEX: ~(require|include)(_once)?\(([^)]+)~
LINE: 20
LINE: 59
LINE: 80
LINE: 99
FILE: system/library/config.php
REGEX: ~(require|include)(_once)?\(([^)]+)~
LINE: 23
FILE: system/library/language.php
REGEX: ~(require|include)(_once)?\(([^)]+)~
LINE: 25
LINE: 31
----------------------------------------------------------------
MOD: AJAX Live Search
FILE: catalog/controller/common/footer.php
CODE: $this->load->language('common/footer');
LINE: 15
FILE: catalog/view/theme/default/template/common/footer.tpl
CODE: </footer>
LINE: 148
FILE: catalog/view/theme/midasstone/template/common/footer.tpl
CODE: </footer>
LINE: 136
FILE: catalog/view/theme/theme_for_midasstone/template/common/footer.tpl
CODE: </footer>
LINE: 148
----------------------------------------------------------------
MOD: Buy One Click for 2.2
FILE: catalog/language/russian/product/product.php
CODE: // Entry
LINE: 40
FILE: catalog/controller/product/product.php
CODE: $this->load->model('catalog/review');
LINE: 276
LINE: 590
LINE: 667
FILE: catalog/view/theme/default/template/product/product.tpl
CODE: <?php if ($review_status) { ?>
LINE: 332
CODE: <?php echo $footer; ?>
LINE: 664
FILE: catalog/view/theme/midasstone/template/product/product.tpl
CODE: <?php if ($review_status) { ?>
LINE: 597
CODE: <?php echo $footer; ?>
LINE: 783
----------------------------------------------------------------
MOD: Easy Blog Simple for oc2011+
FILE: admin/controller/common/menu.php
CODE: return $this->load->view('common/menu
LINE: 219
FILE: admin/view/template/common/menu.tpl
CODE: <li id="system"><a class="parent"><i class="fa fa-cog fa-fw"></i> <span><?php echo $text_system; ?></span></a>
LINE: 129
CODE: <?php foreach ($informations as $information) { ?>
LINE: 10
CODE: $data['informations'] = array();
LINE: 44
----------------------------------------------------------------
MOD: Local copy OCMOD by iSenseLabs
FILE: admin/controller/extension/installer.php
CODE: 'url'  => str_replace('&amp;', '&', $this->url->link('extension/installer/ftp', 'token=' . $this->session->data['token'],
LINE: 132
CODE: public function unzip() {
LINE: 293
----------------------------------------------------------------
MOD: OCFilter Modification
FILE: admin/controller/catalog/product.php
CODE: function getForm() {
LINE: 528
CODE: $data['tab_general'] = $this->language->get('tab_general');
LINE: 639
CODE: $this->language->get('text_product');
LINE: 57
CODE: $this->url->link('catalog/information', 'token=' . $this->session->data['token'], 'SSL');
LINE: 146
CODE: $this->url->link('catalog/information', 'token=' . $this->session->data['token'], true);
NOT FOUND!
FILE: admin/language/english/catalog/product.php
CODE: 'Action';
LINE: 31
FILE: admin/language/english/common/menu.php
CODE: 'Options';
LINE: 43
FILE: admin/language/russian/catalog/product.php
CODE: 'Статус';
LINE: 30
FILE: admin/language/russian/common/menu.php
CODE: 'Опции';
LINE: 43
FILE: admin/model/catalog/product.php
CODE: if (isset($data['image'])) {
LINE: 31
LINE: 183
CODE: $data['product_attribute'] = $this->getProductAttributes($product_id);
LINE: 356
CODE: $this->db->query("DELETE FROM " . DB_PREFIX . "product WHERE product_id = '" . (int)$product_id . "'");
LINE: 383
FILE: admin/view/template/catalog/product_form.tpl
CODE: <script type="text/javascript"><!--
LINE: 971
CODE: <li><a href="<?php echo $product; ?>"><?php echo $text_product; ?></a></li>
LINE: 10
FILE: catalog/controller/common/maintenance.php
CODE: index() {
LINE: 7
FILE: catalog/controller/common/seo_url.php
CODE: $this->url->addRewrite($this);
LINE: 12
FILE: catalog/controller/common/seo_pro.php
CODE: $this->url->addRewrite($this);
LINE: 33
FILE: catalog/model/catalog/product.php
CODE: if (!empty($data['filter_manufacturer_id'])) {
LINE: 155
LINE: 511
FILE: catalog/controller/product/category.php
CODE: $data['breadcrumbs'] = array();
LINE: 50
CODE: $product_total =
LINE: 201
CODE: if (isset($this->request->get['filter'])) {
LINE: 259
CODE: if (isset($this->request->get['filter'])) {
LINE: 334
CODE: if (isset($this->request->get['filter'])) {
LINE: 369
CODE: $data['limit'] = $limit;
LINE: 487
FILE: system/library/document.php
CODE: private $keywords;
LINE: 9
CODE: public function setTitle($title) {
LINE: 26
FILE: catalog/controller/common/header.php
CODE: $data['scripts'] = $this->document->getScripts();
LINE: 38
FILE: catalog/view/theme/default/template/common/header.tpl
CODE: </title>
LINE: 18
FILE: catalog/view/theme/midasstone/template/common/header.tpl
CODE: </title>
LINE: 13
FILE: catalog/view/theme/theme_for_midasstone/template/common/header.tpl
CODE: </title>
LINE: 13
----------------------------------------------------------------
MOD: Short Checkout
FILE: catalog/controller/total/coupon.php
CODE: $data['redirect'] = $this->url->link('checkout/cart');
NOT FOUND!
CODE: $json['redirect'] = $this->url->link('checkout/cart');
LINE: 52
FILE: catalog/controller/total/voucher.php
CODE: $json['redirect'] = $this->url->link('checkout/cart');
LINE: 50
CODE: $data['redirect'] = $this->url->link('checkout/cart');
NOT FOUND!
FILE: catalog/controller/total/shipping.php
CODE: $json['redirect'] = $this->url->link('checkout/cart');
LINE: 198
FILE: catalog/controller/checkout/confirm.php
CODE: $redirect = $this->url->link('checkout/checkout', '', 'SSL');
LINE: 8
LINE: 13
LINE: 23
LINE: 28
CODE: $redirect = $this->url->link('checkout/cart');
LINE: 41
LINE: 57
FILE: catalog/controller/common/cart.php
CODE: $data['cart'] = $this->url->link('checkout/cart');
LINE: 135
CODE: $data['checkout'] = $this->url->link('checkout/checkout', '', 'SSL');
LINE: 138
CODE: $data['cart'] = $this->url->link('checkout/cart');
NOT FOUND!
CODE: $data['checkout'] = $this->url->link('checkout/checkout', '', 'SSL');
LINE: 91
CODE: $data['shopping_cart'] = $this->url->link('checkout/cart');
LINE: 90
FILE: catalog/controller/checkout/cart.php
CODE: $json['success'] = sprintf($this->language->get('text_success'), $this->url->link('product/product', 'product_id=' . $this->request->post['product_id']), $product_info['name'], $this->url->link('checkout/cart'));
LINE: 343
CODE: $data['continue'] = $this->url->link('checkout/cart');
NOT FOUND!
FILE: catalog/model/checkout/order.php
CODE: $mail->setTo($order_info['email']);
LINE: 682
LINE: 857
CODE: $mail->send();
LINE: 691
CODE: $mail->send();
LINE: 868
----------------------------------------------------------------
2017-07-30 15:06:07 - MOD: Modification Default
FILE: system/engine/action.php
REGEX: ~(require|include)(_once)?\(([^)]+)~
LINE: 39
FILE: system/engine/loader.php
REGEX: ~(require|include)(_once)?\(([^)]+)~
LINE: 20
LINE: 59
LINE: 80
LINE: 99
FILE: system/library/config.php
REGEX: ~(require|include)(_once)?\(([^)]+)~
LINE: 23
FILE: system/library/language.php
REGEX: ~(require|include)(_once)?\(([^)]+)~
LINE: 25
LINE: 31
----------------------------------------------------------------
MOD: AJAX Live Search
FILE: catalog/controller/common/footer.php
CODE: $this->load->language('common/footer');
LINE: 15
FILE: catalog/view/theme/default/template/common/footer.tpl
CODE: </footer>
LINE: 148
FILE: catalog/view/theme/midasstone/template/common/footer.tpl
CODE: </footer>
LINE: 136
FILE: catalog/view/theme/theme_for_midasstone/template/common/footer.tpl
CODE: </footer>
LINE: 148
----------------------------------------------------------------
MOD: Buy One Click for 2.2
FILE: catalog/language/russian/product/product.php
CODE: // Entry
LINE: 40
FILE: catalog/controller/product/product.php
CODE: $this->load->model('catalog/review');
LINE: 276
LINE: 590
LINE: 667
FILE: catalog/view/theme/default/template/product/product.tpl
CODE: <?php if ($review_status) { ?>
LINE: 332
CODE: <?php echo $footer; ?>
LINE: 664
FILE: catalog/view/theme/midasstone/template/product/product.tpl
CODE: <?php if ($review_status) { ?>
LINE: 597
CODE: <?php echo $footer; ?>
LINE: 783
----------------------------------------------------------------
MOD: Easy Blog Simple for oc2011+
FILE: admin/controller/common/menu.php
CODE: return $this->load->view('common/menu
LINE: 219
FILE: admin/view/template/common/menu.tpl
CODE: <li id="system"><a class="parent"><i class="fa fa-cog fa-fw"></i> <span><?php echo $text_system; ?></span></a>
LINE: 129
CODE: <?php foreach ($informations as $information) { ?>
LINE: 10
CODE: $data['informations'] = array();
LINE: 44
----------------------------------------------------------------
MOD: Local copy OCMOD by iSenseLabs
FILE: admin/controller/extension/installer.php
CODE: 'url'  => str_replace('&amp;', '&', $this->url->link('extension/installer/ftp', 'token=' . $this->session->data['token'],
LINE: 132
CODE: public function unzip() {
LINE: 293
----------------------------------------------------------------
MOD: OCFilter Modification
FILE: admin/controller/catalog/product.php
CODE: function getForm() {
LINE: 528
CODE: $data['tab_general'] = $this->language->get('tab_general');
LINE: 639
CODE: $this->language->get('text_product');
LINE: 57
CODE: $this->url->link('catalog/information', 'token=' . $this->session->data['token'], 'SSL');
LINE: 146
CODE: $this->url->link('catalog/information', 'token=' . $this->session->data['token'], true);
NOT FOUND!
FILE: admin/language/english/catalog/product.php
CODE: 'Action';
LINE: 31
FILE: admin/language/english/common/menu.php
CODE: 'Options';
LINE: 43
FILE: admin/language/russian/catalog/product.php
CODE: 'Статус';
LINE: 30
FILE: admin/language/russian/common/menu.php
CODE: 'Опции';
LINE: 43
FILE: admin/model/catalog/product.php
CODE: if (isset($data['image'])) {
LINE: 31
LINE: 183
CODE: $data['product_attribute'] = $this->getProductAttributes($product_id);
LINE: 356
CODE: $this->db->query("DELETE FROM " . DB_PREFIX . "product WHERE product_id = '" . (int)$product_id . "'");
LINE: 383
FILE: admin/view/template/catalog/product_form.tpl
CODE: <script type="text/javascript"><!--
LINE: 971
CODE: <li><a href="<?php echo $product; ?>"><?php echo $text_product; ?></a></li>
LINE: 10
FILE: catalog/controller/common/maintenance.php
CODE: index() {
LINE: 7
FILE: catalog/controller/common/seo_url.php
CODE: $this->url->addRewrite($this);
LINE: 12
FILE: catalog/controller/common/seo_pro.php
CODE: $this->url->addRewrite($this);
LINE: 33
FILE: catalog/model/catalog/product.php
CODE: if (!empty($data['filter_manufacturer_id'])) {
LINE: 155
LINE: 511
FILE: catalog/controller/product/category.php
CODE: $data['breadcrumbs'] = array();
LINE: 50
CODE: $product_total =
LINE: 201
CODE: if (isset($this->request->get['filter'])) {
LINE: 259
CODE: if (isset($this->request->get['filter'])) {
LINE: 334
CODE: if (isset($this->request->get['filter'])) {
LINE: 369
CODE: $data['limit'] = $limit;
LINE: 487
FILE: system/library/document.php
CODE: private $keywords;
LINE: 9
CODE: public function setTitle($title) {
LINE: 26
FILE: catalog/controller/common/header.php
CODE: $data['scripts'] = $this->document->getScripts();
LINE: 38
FILE: catalog/view/theme/default/template/common/header.tpl
CODE: </title>
LINE: 18
FILE: catalog/view/theme/midasstone/template/common/header.tpl
CODE: </title>
LINE: 13
FILE: catalog/view/theme/theme_for_midasstone/template/common/header.tpl
CODE: </title>
LINE: 13
----------------------------------------------------------------
MOD: Short Checkout
FILE: catalog/controller/total/coupon.php
CODE: $data['redirect'] = $this->url->link('checkout/cart');
NOT FOUND!
CODE: $json['redirect'] = $this->url->link('checkout/cart');
LINE: 52
FILE: catalog/controller/total/voucher.php
CODE: $json['redirect'] = $this->url->link('checkout/cart');
LINE: 50
CODE: $data['redirect'] = $this->url->link('checkout/cart');
NOT FOUND!
FILE: catalog/controller/total/shipping.php
CODE: $json['redirect'] = $this->url->link('checkout/cart');
LINE: 198
FILE: catalog/controller/checkout/confirm.php
CODE: $redirect = $this->url->link('checkout/checkout', '', 'SSL');
LINE: 8
LINE: 13
LINE: 23
LINE: 28
CODE: $redirect = $this->url->link('checkout/cart');
LINE: 41
LINE: 57
FILE: catalog/controller/common/cart.php
CODE: $data['cart'] = $this->url->link('checkout/cart');
LINE: 135
CODE: $data['checkout'] = $this->url->link('checkout/checkout', '', 'SSL');
LINE: 138
CODE: $data['cart'] = $this->url->link('checkout/cart');
NOT FOUND!
CODE: $data['checkout'] = $this->url->link('checkout/checkout', '', 'SSL');
LINE: 91
CODE: $data['shopping_cart'] = $this->url->link('checkout/cart');
LINE: 90
FILE: catalog/controller/checkout/cart.php
CODE: $json['success'] = sprintf($this->language->get('text_success'), $this->url->link('product/product', 'product_id=' . $this->request->post['product_id']), $product_info['name'], $this->url->link('checkout/cart'));
LINE: 343
CODE: $data['continue'] = $this->url->link('checkout/cart');
NOT FOUND!
FILE: catalog/model/checkout/order.php
CODE: $mail->setTo($order_info['email']);
LINE: 682
LINE: 857
CODE: $mail->send();
LINE: 691
CODE: $mail->send();
LINE: 868
----------------------------------------------------------------
2017-07-30 15:14:24 - MOD: Modification Default
FILE: system/engine/action.php
REGEX: ~(require|include)(_once)?\(([^)]+)~
LINE: 39
FILE: system/engine/loader.php
REGEX: ~(require|include)(_once)?\(([^)]+)~
LINE: 20
LINE: 59
LINE: 80
LINE: 99
FILE: system/library/config.php
REGEX: ~(require|include)(_once)?\(([^)]+)~
LINE: 23
FILE: system/library/language.php
REGEX: ~(require|include)(_once)?\(([^)]+)~
LINE: 25
LINE: 31
----------------------------------------------------------------
MOD: AJAX Live Search
FILE: catalog/controller/common/footer.php
CODE: $this->load->language('common/footer');
LINE: 15
FILE: catalog/view/theme/default/template/common/footer.tpl
CODE: </footer>
LINE: 148
FILE: catalog/view/theme/midasstone/template/common/footer.tpl
CODE: </footer>
LINE: 136
FILE: catalog/view/theme/theme_for_midasstone/template/common/footer.tpl
CODE: </footer>
LINE: 148
----------------------------------------------------------------
MOD: Buy One Click for 2.2
FILE: catalog/language/russian/product/product.php
CODE: // Entry
LINE: 40
FILE: catalog/controller/product/product.php
CODE: $this->load->model('catalog/review');
LINE: 276
LINE: 590
LINE: 667
FILE: catalog/view/theme/default/template/product/product.tpl
CODE: <?php if ($review_status) { ?>
LINE: 332
CODE: <?php echo $footer; ?>
LINE: 664
FILE: catalog/view/theme/midasstone/template/product/product.tpl
CODE: <?php if ($review_status) { ?>
LINE: 597
CODE: <?php echo $footer; ?>
LINE: 783
----------------------------------------------------------------
MOD: Easy Blog Simple for oc2011+
FILE: admin/controller/common/menu.php
CODE: return $this->load->view('common/menu
LINE: 219
FILE: admin/view/template/common/menu.tpl
CODE: <li id="system"><a class="parent"><i class="fa fa-cog fa-fw"></i> <span><?php echo $text_system; ?></span></a>
LINE: 129
CODE: <?php foreach ($informations as $information) { ?>
LINE: 10
CODE: $data['informations'] = array();
LINE: 44
----------------------------------------------------------------
MOD: Local copy OCMOD by iSenseLabs
FILE: admin/controller/extension/installer.php
CODE: 'url'  => str_replace('&amp;', '&', $this->url->link('extension/installer/ftp', 'token=' . $this->session->data['token'],
LINE: 132
CODE: public function unzip() {
LINE: 293
----------------------------------------------------------------
MOD: OCFilter Modification
FILE: admin/controller/catalog/product.php
CODE: function getForm() {
LINE: 528
CODE: $data['tab_general'] = $this->language->get('tab_general');
LINE: 639
CODE: $this->language->get('text_product');
LINE: 57
CODE: $this->url->link('catalog/information', 'token=' . $this->session->data['token'], 'SSL');
LINE: 146
CODE: $this->url->link('catalog/information', 'token=' . $this->session->data['token'], true);
NOT FOUND!
FILE: admin/language/english/catalog/product.php
CODE: 'Action';
LINE: 31
FILE: admin/language/english/common/menu.php
CODE: 'Options';
LINE: 43
FILE: admin/language/russian/catalog/product.php
CODE: 'Статус';
LINE: 30
FILE: admin/language/russian/common/menu.php
CODE: 'Опции';
LINE: 43
FILE: admin/model/catalog/product.php
CODE: if (isset($data['image'])) {
LINE: 31
LINE: 183
CODE: $data['product_attribute'] = $this->getProductAttributes($product_id);
LINE: 356
CODE: $this->db->query("DELETE FROM " . DB_PREFIX . "product WHERE product_id = '" . (int)$product_id . "'");
LINE: 383
FILE: admin/view/template/catalog/product_form.tpl
CODE: <script type="text/javascript"><!--
LINE: 971
CODE: <li><a href="<?php echo $product; ?>"><?php echo $text_product; ?></a></li>
LINE: 10
FILE: catalog/controller/common/maintenance.php
CODE: index() {
LINE: 7
FILE: catalog/controller/common/seo_url.php
CODE: $this->url->addRewrite($this);
LINE: 12
FILE: catalog/controller/common/seo_pro.php
CODE: $this->url->addRewrite($this);
LINE: 33
FILE: catalog/model/catalog/product.php
CODE: if (!empty($data['filter_manufacturer_id'])) {
LINE: 155
LINE: 511
FILE: catalog/controller/product/category.php
CODE: $data['breadcrumbs'] = array();
LINE: 50
CODE: $product_total =
LINE: 201
CODE: if (isset($this->request->get['filter'])) {
LINE: 259
CODE: if (isset($this->request->get['filter'])) {
LINE: 334
CODE: if (isset($this->request->get['filter'])) {
LINE: 369
CODE: $data['limit'] = $limit;
LINE: 487
FILE: system/library/document.php
CODE: private $keywords;
LINE: 9
CODE: public function setTitle($title) {
LINE: 26
FILE: catalog/controller/common/header.php
CODE: $data['scripts'] = $this->document->getScripts();
LINE: 38
FILE: catalog/view/theme/default/template/common/header.tpl
CODE: </title>
LINE: 18
FILE: catalog/view/theme/midasstone/template/common/header.tpl
CODE: </title>
LINE: 13
FILE: catalog/view/theme/theme_for_midasstone/template/common/header.tpl
CODE: </title>
LINE: 13
----------------------------------------------------------------
2017-07-30 15:16:51 - MOD: Modification Default
FILE: system/engine/action.php
REGEX: ~(require|include)(_once)?\(([^)]+)~
LINE: 39
FILE: system/engine/loader.php
REGEX: ~(require|include)(_once)?\(([^)]+)~
LINE: 20
LINE: 59
LINE: 80
LINE: 99
FILE: system/library/config.php
REGEX: ~(require|include)(_once)?\(([^)]+)~
LINE: 23
FILE: system/library/language.php
REGEX: ~(require|include)(_once)?\(([^)]+)~
LINE: 25
LINE: 31
----------------------------------------------------------------
MOD: AJAX Live Search
FILE: catalog/controller/common/footer.php
CODE: $this->load->language('common/footer');
LINE: 15
FILE: catalog/view/theme/default/template/common/footer.tpl
CODE: </footer>
LINE: 148
FILE: catalog/view/theme/midasstone/template/common/footer.tpl
CODE: </footer>
LINE: 136
FILE: catalog/view/theme/theme_for_midasstone/template/common/footer.tpl
CODE: </footer>
LINE: 148
----------------------------------------------------------------
MOD: Buy One Click for 2.2
FILE: catalog/language/russian/product/product.php
CODE: // Entry
LINE: 40
FILE: catalog/controller/product/product.php
CODE: $this->load->model('catalog/review');
LINE: 276
LINE: 590
LINE: 667
FILE: catalog/view/theme/default/template/product/product.tpl
CODE: <?php if ($review_status) { ?>
LINE: 332
CODE: <?php echo $footer; ?>
LINE: 664
FILE: catalog/view/theme/midasstone/template/product/product.tpl
CODE: <?php if ($review_status) { ?>
LINE: 597
CODE: <?php echo $footer; ?>
LINE: 783
----------------------------------------------------------------
MOD: Easy Blog Simple for oc2011+
FILE: admin/controller/common/menu.php
CODE: return $this->load->view('common/menu
LINE: 219
FILE: admin/view/template/common/menu.tpl
CODE: <li id="system"><a class="parent"><i class="fa fa-cog fa-fw"></i> <span><?php echo $text_system; ?></span></a>
LINE: 129
CODE: <?php foreach ($informations as $information) { ?>
LINE: 10
CODE: $data['informations'] = array();
LINE: 44
----------------------------------------------------------------
MOD: Local copy OCMOD by iSenseLabs
FILE: admin/controller/extension/installer.php
CODE: 'url'  => str_replace('&amp;', '&', $this->url->link('extension/installer/ftp', 'token=' . $this->session->data['token'],
LINE: 132
CODE: public function unzip() {
LINE: 293
----------------------------------------------------------------
MOD: OCFilter Modification
FILE: admin/controller/catalog/product.php
CODE: function getForm() {
LINE: 528
CODE: $data['tab_general'] = $this->language->get('tab_general');
LINE: 639
CODE: $this->language->get('text_product');
LINE: 57
CODE: $this->url->link('catalog/information', 'token=' . $this->session->data['token'], 'SSL');
LINE: 146
CODE: $this->url->link('catalog/information', 'token=' . $this->session->data['token'], true);
NOT FOUND!
FILE: admin/language/english/catalog/product.php
CODE: 'Action';
LINE: 31
FILE: admin/language/english/common/menu.php
CODE: 'Options';
LINE: 43
FILE: admin/language/russian/catalog/product.php
CODE: 'Статус';
LINE: 30
FILE: admin/language/russian/common/menu.php
CODE: 'Опции';
LINE: 43
FILE: admin/model/catalog/product.php
CODE: if (isset($data['image'])) {
LINE: 31
LINE: 183
CODE: $data['product_attribute'] = $this->getProductAttributes($product_id);
LINE: 356
CODE: $this->db->query("DELETE FROM " . DB_PREFIX . "product WHERE product_id = '" . (int)$product_id . "'");
LINE: 383
FILE: admin/view/template/catalog/product_form.tpl
CODE: <script type="text/javascript"><!--
LINE: 971
CODE: <li><a href="<?php echo $product; ?>"><?php echo $text_product; ?></a></li>
LINE: 10
FILE: catalog/controller/common/maintenance.php
CODE: index() {
LINE: 7
FILE: catalog/controller/common/seo_url.php
CODE: $this->url->addRewrite($this);
LINE: 12
FILE: catalog/controller/common/seo_pro.php
CODE: $this->url->addRewrite($this);
LINE: 33
FILE: catalog/model/catalog/product.php
CODE: if (!empty($data['filter_manufacturer_id'])) {
LINE: 155
LINE: 511
FILE: catalog/controller/product/category.php
CODE: $data['breadcrumbs'] = array();
LINE: 50
CODE: $product_total =
LINE: 201
CODE: if (isset($this->request->get['filter'])) {
LINE: 259
CODE: if (isset($this->request->get['filter'])) {
LINE: 334
CODE: if (isset($this->request->get['filter'])) {
LINE: 369
CODE: $data['limit'] = $limit;
LINE: 487
FILE: system/library/document.php
CODE: private $keywords;
LINE: 9
CODE: public function setTitle($title) {
LINE: 26
FILE: catalog/controller/common/header.php
CODE: $data['scripts'] = $this->document->getScripts();
LINE: 38
FILE: catalog/view/theme/default/template/common/header.tpl
CODE: </title>
LINE: 18
FILE: catalog/view/theme/midasstone/template/common/header.tpl
CODE: </title>
LINE: 13
FILE: catalog/view/theme/theme_for_midasstone/template/common/header.tpl
CODE: </title>
LINE: 13
----------------------------------------------------------------
2017-07-30 15:16:54 - MOD: Modification Default
FILE: system/engine/action.php
REGEX: ~(require|include)(_once)?\(([^)]+)~
LINE: 39
FILE: system/engine/loader.php
REGEX: ~(require|include)(_once)?\(([^)]+)~
LINE: 20
LINE: 59
LINE: 80
LINE: 99
FILE: system/library/config.php
REGEX: ~(require|include)(_once)?\(([^)]+)~
LINE: 23
FILE: system/library/language.php
REGEX: ~(require|include)(_once)?\(([^)]+)~
LINE: 25
LINE: 31
----------------------------------------------------------------
MOD: AJAX Live Search
FILE: catalog/controller/common/footer.php
CODE: $this->load->language('common/footer');
LINE: 15
FILE: catalog/view/theme/default/template/common/footer.tpl
CODE: </footer>
LINE: 148
FILE: catalog/view/theme/midasstone/template/common/footer.tpl
CODE: </footer>
LINE: 136
FILE: catalog/view/theme/theme_for_midasstone/template/common/footer.tpl
CODE: </footer>
LINE: 148
----------------------------------------------------------------
MOD: Buy One Click for 2.2
FILE: catalog/language/russian/product/product.php
CODE: // Entry
LINE: 40
FILE: catalog/controller/product/product.php
CODE: $this->load->model('catalog/review');
LINE: 276
LINE: 590
LINE: 667
FILE: catalog/view/theme/default/template/product/product.tpl
CODE: <?php if ($review_status) { ?>
LINE: 332
CODE: <?php echo $footer; ?>
LINE: 664
FILE: catalog/view/theme/midasstone/template/product/product.tpl
CODE: <?php if ($review_status) { ?>
LINE: 597
CODE: <?php echo $footer; ?>
LINE: 783
----------------------------------------------------------------
MOD: Easy Blog Simple for oc2011+
FILE: admin/controller/common/menu.php
CODE: return $this->load->view('common/menu
LINE: 219
FILE: admin/view/template/common/menu.tpl
CODE: <li id="system"><a class="parent"><i class="fa fa-cog fa-fw"></i> <span><?php echo $text_system; ?></span></a>
LINE: 129
CODE: <?php foreach ($informations as $information) { ?>
LINE: 10
CODE: $data['informations'] = array();
LINE: 44
----------------------------------------------------------------
MOD: Local copy OCMOD by iSenseLabs
FILE: admin/controller/extension/installer.php
CODE: 'url'  => str_replace('&amp;', '&', $this->url->link('extension/installer/ftp', 'token=' . $this->session->data['token'],
LINE: 132
CODE: public function unzip() {
LINE: 293
----------------------------------------------------------------
MOD: OCFilter Modification
FILE: admin/controller/catalog/product.php
CODE: function getForm() {
LINE: 528
CODE: $data['tab_general'] = $this->language->get('tab_general');
LINE: 639
CODE: $this->language->get('text_product');
LINE: 57
CODE: $this->url->link('catalog/information', 'token=' . $this->session->data['token'], 'SSL');
LINE: 146
CODE: $this->url->link('catalog/information', 'token=' . $this->session->data['token'], true);
NOT FOUND!
FILE: admin/language/english/catalog/product.php
CODE: 'Action';
LINE: 31
FILE: admin/language/english/common/menu.php
CODE: 'Options';
LINE: 43
FILE: admin/language/russian/catalog/product.php
CODE: 'Статус';
LINE: 30
FILE: admin/language/russian/common/menu.php
CODE: 'Опции';
LINE: 43
FILE: admin/model/catalog/product.php
CODE: if (isset($data['image'])) {
LINE: 31
LINE: 183
CODE: $data['product_attribute'] = $this->getProductAttributes($product_id);
LINE: 356
CODE: $this->db->query("DELETE FROM " . DB_PREFIX . "product WHERE product_id = '" . (int)$product_id . "'");
LINE: 383
FILE: admin/view/template/catalog/product_form.tpl
CODE: <script type="text/javascript"><!--
LINE: 971
CODE: <li><a href="<?php echo $product; ?>"><?php echo $text_product; ?></a></li>
LINE: 10
FILE: catalog/controller/common/maintenance.php
CODE: index() {
LINE: 7
FILE: catalog/controller/common/seo_url.php
CODE: $this->url->addRewrite($this);
LINE: 12
FILE: catalog/controller/common/seo_pro.php
CODE: $this->url->addRewrite($this);
LINE: 33
FILE: catalog/model/catalog/product.php
CODE: if (!empty($data['filter_manufacturer_id'])) {
LINE: 155
LINE: 511
FILE: catalog/controller/product/category.php
CODE: $data['breadcrumbs'] = array();
LINE: 50
CODE: $product_total =
LINE: 201
CODE: if (isset($this->request->get['filter'])) {
LINE: 259
CODE: if (isset($this->request->get['filter'])) {
LINE: 334
CODE: if (isset($this->request->get['filter'])) {
LINE: 369
CODE: $data['limit'] = $limit;
LINE: 487
FILE: system/library/document.php
CODE: private $keywords;
LINE: 9
CODE: public function setTitle($title) {
LINE: 26
FILE: catalog/controller/common/header.php
CODE: $data['scripts'] = $this->document->getScripts();
LINE: 38
FILE: catalog/view/theme/default/template/common/header.tpl
CODE: </title>
LINE: 18
FILE: catalog/view/theme/midasstone/template/common/header.tpl
CODE: </title>
LINE: 13
FILE: catalog/view/theme/theme_for_midasstone/template/common/header.tpl
CODE: </title>
LINE: 13
----------------------------------------------------------------
2017-07-30 15:17:17 - MOD: Modification Default
FILE: system/engine/action.php
REGEX: ~(require|include)(_once)?\(([^)]+)~
LINE: 39
FILE: system/engine/loader.php
REGEX: ~(require|include)(_once)?\(([^)]+)~
LINE: 20
LINE: 59
LINE: 80
LINE: 99
FILE: system/library/config.php
REGEX: ~(require|include)(_once)?\(([^)]+)~
LINE: 23
FILE: system/library/language.php
REGEX: ~(require|include)(_once)?\(([^)]+)~
LINE: 25
LINE: 31
----------------------------------------------------------------
2017-07-30 15:17:54 - MOD: Modification Default
FILE: system/engine/action.php
REGEX: ~(require|include)(_once)?\(([^)]+)~
LINE: 39
FILE: system/engine/loader.php
REGEX: ~(require|include)(_once)?\(([^)]+)~
LINE: 20
LINE: 59
LINE: 80
LINE: 99
FILE: system/library/config.php
REGEX: ~(require|include)(_once)?\(([^)]+)~
LINE: 23
FILE: system/library/language.php
REGEX: ~(require|include)(_once)?\(([^)]+)~
LINE: 25
LINE: 31
----------------------------------------------------------------
MOD: AJAX Live Search
FILE: catalog/controller/common/footer.php
CODE: $this->load->language('common/footer');
LINE: 15
FILE: catalog/view/theme/default/template/common/footer.tpl
CODE: </footer>
LINE: 148
FILE: catalog/view/theme/midasstone/template/common/footer.tpl
CODE: </footer>
LINE: 136
FILE: catalog/view/theme/theme_for_midasstone/template/common/footer.tpl
CODE: </footer>
LINE: 148
----------------------------------------------------------------
